CRITICAL - 2022-12-22 02:02:27 --> Undefined array key "password"
in APPPATH\Models\AuthModel.php on line 58.
 1 APPPATH\Models\AuthModel.php(58): CodeIgniter\Debug\Exceptions->errorHandler(2, 'Undefined array key "password"', 'APPPATH\\Models\\AuthModel.php', 58)
 2 SYSTEMPATH\BaseModel.php(1480): App\Models\AuthModel->hashPassword([...])
 3 SYSTEMPATH\BaseModel.php(746): CodeIgniter\BaseModel->trigger('beforeInsert', [...])
 4 SYSTEMPATH\Model.php(667): CodeIgniter\BaseModel->insert([...], true)
 5 APPPATH\Controllers\Auth.php(82): CodeIgniter\Model->insert([...])
 6 SYSTEMPATH\CodeIgniter.php(927): App\Controllers\Auth->validateReg()
 7 SYSTEMPATH\CodeIgniter.php(482): CodeIgniter\CodeIgniter->runController(Object(App\Controllers\Auth))
 8 SYSTEMPATH\CodeIgniter.php(351): CodeIgniter\CodeIgniter->handleRequest(null, Object(Config\Cache), false)
 9 FCPATH\index.php(67): CodeIgniter\CodeIgniter->run()
10 SYSTEMPATH\Commands\Server\rewrite.php(46): require_once('FCPATH\\index.php')
ERROR - 2022-12-22 02:03:05 --> mysqli_sql_exception: Unknown column 'password_hash' in 'field list' in C:\wamp64\www\JetreneEshop\vendor\codeigniter4\framework\system\Database\MySQLi\Connection.php:292
Stack trace:
#0 C:\wamp64\www\JetreneEshop\vendor\codeigniter4\framework\system\Database\MySQLi\Connection.php(292): mysqli->query('INSERT INTO `us...', 0)
#1 C:\wamp64\www\JetreneEshop\vendor\codeigniter4\framework\system\Database\BaseConnection.php(666): CodeIgniter\Database\MySQLi\Connection->execute('INSERT INTO `us...')
#2 C:\wamp64\www\JetreneEshop\vendor\codeigniter4\framework\system\Database\BaseConnection.php(593): CodeIgniter\Database\BaseConnection->simpleQuery('INSERT INTO `us...')
#3 C:\wamp64\www\JetreneEshop\vendor\codeigniter4\framework\system\Database\BaseBuilder.php(1916): CodeIgniter\Database\BaseConnection->query('INSERT INTO `us...', Array, false)
#4 C:\wamp64\www\JetreneEshop\vendor\codeigniter4\framework\system\Model.php(279): CodeIgniter\Database\BaseBuilder->insert()
#5 C:\wamp64\www\JetreneEshop\vendor\codeigniter4\framework\system\BaseModel.php(749): CodeIgniter\Model->doInsert(Array)
#6 C:\wamp64\www\JetreneEshop\vendor\codeigniter4\framework\system\Model.php(667): CodeIgniter\BaseModel->insert(Array, true)
#7 C:\wamp64\www\JetreneEshop\app\Controllers\Auth.php(82): CodeIgniter\Model->insert(Array)
#8 C:\wamp64\www\JetreneEshop\vendor\codeigniter4\framework\system\CodeIgniter.php(927): App\Controllers\Auth->validateReg()
#9 C:\wamp64\www\JetreneEshop\vendor\codeigniter4\framework\system\CodeIgniter.php(482): CodeIgniter\CodeIgniter->runController(Object(App\Controllers\Auth))
#10 C:\wamp64\www\JetreneEshop\vendor\codeigniter4\framework\system\CodeIgniter.php(351): CodeIgniter\CodeIgniter->handleRequest(NULL, Object(Config\Cache), false)
#11 C:\wamp64\www\JetreneEshop\public\index.php(67): CodeIgniter\CodeIgniter->run()
#12 C:\wamp64\www\JetreneEshop\vendor\codeigniter4\framework\system\Commands\Server\rewrite.php(46): require_once('C:\\wamp64\\www\\J...')
#13 {main}
ERROR - 2022-12-22 02:04:53 --> mysqli_sql_exception: Unknown column 'password_hash' in 'field list' in C:\wamp64\www\JetreneEshop\vendor\codeigniter4\framework\system\Database\MySQLi\Connection.php:292
Stack trace:
#0 C:\wamp64\www\JetreneEshop\vendor\codeigniter4\framework\system\Database\MySQLi\Connection.php(292): mysqli->query('INSERT INTO `us...', 0)
#1 C:\wamp64\www\JetreneEshop\vendor\codeigniter4\framework\system\Database\BaseConnection.php(666): CodeIgniter\Database\MySQLi\Connection->execute('INSERT INTO `us...')
#2 C:\wamp64\www\JetreneEshop\vendor\codeigniter4\framework\system\Database\BaseConnection.php(593): CodeIgniter\Database\BaseConnection->simpleQuery('INSERT INTO `us...')
#3 C:\wamp64\www\JetreneEshop\vendor\codeigniter4\framework\system\Database\BaseBuilder.php(1916): CodeIgniter\Database\BaseConnection->query('INSERT INTO `us...', Array, false)
#4 C:\wamp64\www\JetreneEshop\vendor\codeigniter4\framework\system\Model.php(279): CodeIgniter\Database\BaseBuilder->insert()
#5 C:\wamp64\www\JetreneEshop\vendor\codeigniter4\framework\system\BaseModel.php(749): CodeIgniter\Model->doInsert(Array)
#6 C:\wamp64\www\JetreneEshop\vendor\codeigniter4\framework\system\Model.php(667): CodeIgniter\BaseModel->insert(Array, true)
#7 C:\wamp64\www\JetreneEshop\app\Controllers\Auth.php(82): CodeIgniter\Model->insert(Array)
#8 C:\wamp64\www\JetreneEshop\vendor\codeigniter4\framework\system\CodeIgniter.php(927): App\Controllers\Auth->validateReg()
#9 C:\wamp64\www\JetreneEshop\vendor\codeigniter4\framework\system\CodeIgniter.php(482): CodeIgniter\CodeIgniter->runController(Object(App\Controllers\Auth))
#10 C:\wamp64\www\JetreneEshop\vendor\codeigniter4\framework\system\CodeIgniter.php(351): CodeIgniter\CodeIgniter->handleRequest(NULL, Object(Config\Cache), false)
#11 C:\wamp64\www\JetreneEshop\public\index.php(67): CodeIgniter\CodeIgniter->run()
#12 C:\wamp64\www\JetreneEshop\vendor\codeigniter4\framework\system\Commands\Server\rewrite.php(46): require_once('C:\\wamp64\\www\\J...')
#13 {main}
CRITICAL - 2022-12-22 02:57:33 --> session_destroy(): Trying to destroy uninitialized session
in SYSTEMPATH\Session\Session.php on line 441.
 1 [internal function]: CodeIgniter\Debug\Exceptions->errorHandler(2, 'session_destroy(): Trying to destroy uninitialized session', 'SYSTEMPATH\\Session\\Session.php', 441)
 2 SYSTEMPATH\Session\Session.php(441): session_destroy()
 3 APPPATH\Views\include\asset\head.php(29): CodeIgniter\Session\Session->destroy()
 4 SYSTEMPATH\View\View.php(213): include('APPPATH\\Views\\include\\asset\\head.php')
 5 SYSTEMPATH\View\View.php(216): CodeIgniter\View\View->CodeIgniter\View\{closure}()
 6 SYSTEMPATH\View\View.php(431): CodeIgniter\View\View->render('include/asset/head', null, true)
 7 APPPATH\Views\HomeView.php(6): CodeIgniter\View\View->include('include/asset/head')
 8 SYSTEMPATH\View\View.php(213): include('APPPATH\\Views\\HomeView.php')
 9 SYSTEMPATH\View\View.php(216): CodeIgniter\View\View->CodeIgniter\View\{closure}()
10 SYSTEMPATH\Common.php(1134): CodeIgniter\View\View->render('Homeview', [], true)
11 APPPATH\Controllers\Auth.php(63): view('Homeview')
12 SYSTEMPATH\CodeIgniter.php(927): App\Controllers\Auth->logout()
13 SYSTEMPATH\CodeIgniter.php(482): CodeIgniter\CodeIgniter->runController(Object(App\Controllers\Auth))
14 SYSTEMPATH\CodeIgniter.php(351): CodeIgniter\CodeIgniter->handleRequest(null, Object(Config\Cache), false)
15 FCPATH\index.php(67): CodeIgniter\CodeIgniter->run()
16 SYSTEMPATH\Commands\Server\rewrite.php(46): require_once('FCPATH\\index.php')
