CRITICAL - 2023-01-21 05:27:09 --> Trying to access array offset on value of type null
in APPPATH\Controllers\Profile.php on line 76.
 1 APPPATH\Controllers\Profile.php(76): CodeIgniter\Debug\Exceptions->errorHandler(2, 'Trying to access array offset on value of type null', 'APPPATH\\Controllers\\Profile.php', 76)
 2 SYSTEMPATH\CodeIgniter.php(927): App\Controllers\Profile->account_update()
 3 SYSTEMPATH\CodeIgniter.php(482): CodeIgniter\CodeIgniter->runController(Object(App\Controllers\Profile))
 4 SYSTEMPATH\CodeIgniter.php(351): CodeIgniter\CodeIgniter->handleRequest(null, Object(Config\Cache), false)
 5 FCPATH\index.php(67): CodeIgniter\CodeIgniter->run()
 6 SYSTEMPATH\Commands\Server\rewrite.php(46): require_once('FCPATH\\index.php')
CRITICAL - 2023-01-21 05:27:24 --> Trying to access array offset on value of type null
in APPPATH\Controllers\Profile.php on line 76.
 1 APPPATH\Controllers\Profile.php(76): CodeIgniter\Debug\Exceptions->errorHandler(2, 'Trying to access array offset on value of type null', 'APPPATH\\Controllers\\Profile.php', 76)
 2 SYSTEMPATH\CodeIgniter.php(927): App\Controllers\Profile->account_update()
 3 SYSTEMPATH\CodeIgniter.php(482): CodeIgniter\CodeIgniter->runController(Object(App\Controllers\Profile))
 4 SYSTEMPATH\CodeIgniter.php(351): CodeIgniter\CodeIgniter->handleRequest(null, Object(Config\Cache), false)
 5 FCPATH\index.php(67): CodeIgniter\CodeIgniter->run()
 6 SYSTEMPATH\Commands\Server\rewrite.php(46): require_once('FCPATH\\index.php')
CRITICAL - 2023-01-21 05:29:21 --> There is no primary key defined when trying to make insert.
in SYSTEMPATH\Model.php on line 269.
 1 SYSTEMPATH\Model.php(269): CodeIgniter\Database\Exceptions\DataException::forEmptyPrimaryKey('insert')
 2 SYSTEMPATH\BaseModel.php(749): CodeIgniter\Model->doInsert([...])
 3 SYSTEMPATH\Model.php(667): CodeIgniter\BaseModel->insert([...], true)
 4 APPPATH\Controllers\Profile.php(37): CodeIgniter\Model->insert([...])
 5 SYSTEMPATH\CodeIgniter.php(927): App\Controllers\Profile->profile_insert()
 6 SYSTEMPATH\CodeIgniter.php(482): CodeIgniter\CodeIgniter->runController(Object(App\Controllers\Profile))
 7 SYSTEMPATH\CodeIgniter.php(351): CodeIgniter\CodeIgniter->handleRequest(null, Object(Config\Cache), false)
 8 FCPATH\index.php(67): CodeIgniter\CodeIgniter->run()
 9 SYSTEMPATH\Commands\Server\rewrite.php(46): require_once('FCPATH\\index.php')
CRITICAL - 2023-01-21 07:56:51 --> syntax error, unexpected token ")"
in APPPATH\Controllers\Profile.php on line 80.
 1 SYSTEMPATH\Autoloader\Autoloader.php(259): CodeIgniter\Autoloader\Autoloader->includeFile('APPPATH\\Controllers\\Profile.php')
 2 SYSTEMPATH\Autoloader\Autoloader.php(237): CodeIgniter\Autoloader\Autoloader->loadInNamespace('App\\Controllers\\Profile')
 3 [internal function]: CodeIgniter\Autoloader\Autoloader->loadClass('App\\Controllers\\Profile')
 4 SYSTEMPATH\CodeIgniter.php(877): class_exists('\\App\\Controllers\\Profile', true)
 5 SYSTEMPATH\CodeIgniter.php(469): CodeIgniter\CodeIgniter->startController()
 6 SYSTEMPATH\CodeIgniter.php(351): CodeIgniter\CodeIgniter->handleRequest(null, Object(Config\Cache), false)
 7 FCPATH\index.php(67): CodeIgniter\CodeIgniter->run()
 8 SYSTEMPATH\Commands\Server\rewrite.php(46): require_once('FCPATH\\index.php')
CRITICAL - 2023-01-21 22:14:31 --> Uncaught Error: Call to undefined method CodeIgniter\Debug\Exceptions::include() in C:\wamp64\www\JetreneEshop\app\Views\errors\html\error_404.php:1
Stack trace:
#0 C:\wamp64\www\JetreneEshop\vendor\codeigniter4\framework\system\Debug\Exceptions.php(284): include()
#1 C:\wamp64\www\JetreneEshop\vendor\codeigniter4\framework\system\Debug\Exceptions.php(287): CodeIgniter\Debug\Exceptions->CodeIgniter\Debug\{closure}()
#2 C:\wamp64\www\JetreneEshop\vendor\codeigniter4\framework\system\Debug\Exceptions.php(139): CodeIgniter\Debug\Exceptions->render(Object(CodeIgniter\Exceptions\PageNotFoundException), 404)
#3 [internal function]: CodeIgniter\Debug\Exceptions->exceptionHandler(Object(CodeIgniter\Exceptions\PageNotFoundException))
#4 {main}
  thrown
in APPPATH\Views\errors\html\error_404.php on line 1.
 1 [internal function]: CodeIgniter\Debug\Exceptions->shutdownHandler()
CRITICAL - 2023-01-21 22:14:54 --> Uncaught Error: Call to undefined method CodeIgniter\Debug\Exceptions::include() in C:\wamp64\www\JetreneEshop\app\Views\errors\html\error_404.php:1
Stack trace:
#0 C:\wamp64\www\JetreneEshop\vendor\codeigniter4\framework\system\Debug\Exceptions.php(284): include()
#1 C:\wamp64\www\JetreneEshop\vendor\codeigniter4\framework\system\Debug\Exceptions.php(287): CodeIgniter\Debug\Exceptions->CodeIgniter\Debug\{closure}()
#2 C:\wamp64\www\JetreneEshop\vendor\codeigniter4\framework\system\Debug\Exceptions.php(139): CodeIgniter\Debug\Exceptions->render(Object(CodeIgniter\Exceptions\PageNotFoundException), 404)
#3 [internal function]: CodeIgniter\Debug\Exceptions->exceptionHandler(Object(CodeIgniter\Exceptions\PageNotFoundException))
#4 {main}
  thrown
in APPPATH\Views\errors\html\error_404.php on line 1.
 1 [internal function]: CodeIgniter\Debug\Exceptions->shutdownHandler()
CRITICAL - 2023-01-21 22:15:55 --> Uncaught Error: Call to undefined method CodeIgniter\Debug\Exceptions::include() in C:\wamp64\www\JetreneEshop\app\Views\errors\html\error_404.php:1
Stack trace:
#0 C:\wamp64\www\JetreneEshop\vendor\codeigniter4\framework\system\Debug\Exceptions.php(284): include()
#1 C:\wamp64\www\JetreneEshop\vendor\codeigniter4\framework\system\Debug\Exceptions.php(287): CodeIgniter\Debug\Exceptions->CodeIgniter\Debug\{closure}()
#2 C:\wamp64\www\JetreneEshop\vendor\codeigniter4\framework\system\Debug\Exceptions.php(139): CodeIgniter\Debug\Exceptions->render(Object(CodeIgniter\Exceptions\PageNotFoundException), 404)
#3 [internal function]: CodeIgniter\Debug\Exceptions->exceptionHandler(Object(CodeIgniter\Exceptions\PageNotFoundException))
#4 {main}
  thrown
in APPPATH\Views\errors\html\error_404.php on line 1.
 1 [internal function]: CodeIgniter\Debug\Exceptions->shutdownHandler()
CRITICAL - 2023-01-21 22:19:37 --> Uncaught Error: Call to undefined method CodeIgniter\Debug\Exceptions::include() in C:\wamp64\www\JetreneEshop\app\Views\errors\html\error_404.php:1
Stack trace:
#0 C:\wamp64\www\JetreneEshop\vendor\codeigniter4\framework\system\Debug\Exceptions.php(284): include()
#1 C:\wamp64\www\JetreneEshop\vendor\codeigniter4\framework\system\Debug\Exceptions.php(287): CodeIgniter\Debug\Exceptions->CodeIgniter\Debug\{closure}()
#2 C:\wamp64\www\JetreneEshop\vendor\codeigniter4\framework\system\Debug\Exceptions.php(139): CodeIgniter\Debug\Exceptions->render(Object(CodeIgniter\Exceptions\PageNotFoundException), 404)
#3 [internal function]: CodeIgniter\Debug\Exceptions->exceptionHandler(Object(CodeIgniter\Exceptions\PageNotFoundException))
#4 {main}
  thrown
in APPPATH\Views\errors\html\error_404.php on line 1.
 1 [internal function]: CodeIgniter\Debug\Exceptions->shutdownHandler()
CRITICAL - 2023-01-21 22:21:25 --> Uncaught Error: Call to undefined method CodeIgniter\Debug\Exceptions::include() in C:\wamp64\www\JetreneEshop\app\Views\errors\html\error_404.php:1
Stack trace:
#0 C:\wamp64\www\JetreneEshop\vendor\codeigniter4\framework\system\Debug\Exceptions.php(284): include()
#1 C:\wamp64\www\JetreneEshop\vendor\codeigniter4\framework\system\Debug\Exceptions.php(287): CodeIgniter\Debug\Exceptions->CodeIgniter\Debug\{closure}()
#2 C:\wamp64\www\JetreneEshop\vendor\codeigniter4\framework\system\Debug\Exceptions.php(139): CodeIgniter\Debug\Exceptions->render(Object(CodeIgniter\Exceptions\PageNotFoundException), 404)
#3 [internal function]: CodeIgniter\Debug\Exceptions->exceptionHandler(Object(CodeIgniter\Exceptions\PageNotFoundException))
#4 {main}
  thrown
in APPPATH\Views\errors\html\error_404.php on line 1.
 1 [internal function]: CodeIgniter\Debug\Exceptions->shutdownHandler()
CRITICAL - 2023-01-21 22:21:26 --> Uncaught Error: Call to undefined method CodeIgniter\Debug\Exceptions::include() in C:\wamp64\www\JetreneEshop\app\Views\errors\html\error_404.php:1
Stack trace:
#0 C:\wamp64\www\JetreneEshop\vendor\codeigniter4\framework\system\Debug\Exceptions.php(284): include()
#1 C:\wamp64\www\JetreneEshop\vendor\codeigniter4\framework\system\Debug\Exceptions.php(287): CodeIgniter\Debug\Exceptions->CodeIgniter\Debug\{closure}()
#2 C:\wamp64\www\JetreneEshop\vendor\codeigniter4\framework\system\Debug\Exceptions.php(139): CodeIgniter\Debug\Exceptions->render(Object(CodeIgniter\Exceptions\PageNotFoundException), 404)
#3 [internal function]: CodeIgniter\Debug\Exceptions->exceptionHandler(Object(CodeIgniter\Exceptions\PageNotFoundException))
#4 {main}
  thrown
in APPPATH\Views\errors\html\error_404.php on line 1.
 1 [internal function]: CodeIgniter\Debug\Exceptions->shutdownHandler()
CRITICAL - 2023-01-21 22:21:44 --> Uncaught Error: Call to undefined method CodeIgniter\Debug\Exceptions::include() in C:\wamp64\www\JetreneEshop\app\Views\errors\html\error_404.php:1
Stack trace:
#0 C:\wamp64\www\JetreneEshop\vendor\codeigniter4\framework\system\Debug\Exceptions.php(284): include()
#1 C:\wamp64\www\JetreneEshop\vendor\codeigniter4\framework\system\Debug\Exceptions.php(287): CodeIgniter\Debug\Exceptions->CodeIgniter\Debug\{closure}()
#2 C:\wamp64\www\JetreneEshop\vendor\codeigniter4\framework\system\Debug\Exceptions.php(139): CodeIgniter\Debug\Exceptions->render(Object(CodeIgniter\Exceptions\PageNotFoundException), 404)
#3 [internal function]: CodeIgniter\Debug\Exceptions->exceptionHandler(Object(CodeIgniter\Exceptions\PageNotFoundException))
#4 {main}
  thrown
in APPPATH\Views\errors\html\error_404.php on line 1.
 1 [internal function]: CodeIgniter\Debug\Exceptions->shutdownHandler()
CRITICAL - 2023-01-21 22:21:47 --> Uncaught Error: Call to undefined method CodeIgniter\Debug\Exceptions::include() in C:\wamp64\www\JetreneEshop\app\Views\errors\html\error_404.php:1
Stack trace:
#0 C:\wamp64\www\JetreneEshop\vendor\codeigniter4\framework\system\Debug\Exceptions.php(284): include()
#1 C:\wamp64\www\JetreneEshop\vendor\codeigniter4\framework\system\Debug\Exceptions.php(287): CodeIgniter\Debug\Exceptions->CodeIgniter\Debug\{closure}()
#2 C:\wamp64\www\JetreneEshop\vendor\codeigniter4\framework\system\Debug\Exceptions.php(139): CodeIgniter\Debug\Exceptions->render(Object(CodeIgniter\Exceptions\PageNotFoundException), 404)
#3 [internal function]: CodeIgniter\Debug\Exceptions->exceptionHandler(Object(CodeIgniter\Exceptions\PageNotFoundException))
#4 {main}
  thrown
in APPPATH\Views\errors\html\error_404.php on line 1.
 1 [internal function]: CodeIgniter\Debug\Exceptions->shutdownHandler()
CRITICAL - 2023-01-21 22:22:38 --> Uncaught Error: Call to undefined method CodeIgniter\Debug\Exceptions::include() in C:\wamp64\www\JetreneEshop\app\Views\errors\html\error_404.php:1
Stack trace:
#0 C:\wamp64\www\JetreneEshop\vendor\codeigniter4\framework\system\Debug\Exceptions.php(284): include()
#1 C:\wamp64\www\JetreneEshop\vendor\codeigniter4\framework\system\Debug\Exceptions.php(287): CodeIgniter\Debug\Exceptions->CodeIgniter\Debug\{closure}()
#2 C:\wamp64\www\JetreneEshop\vendor\codeigniter4\framework\system\Debug\Exceptions.php(139): CodeIgniter\Debug\Exceptions->render(Object(CodeIgniter\Exceptions\PageNotFoundException), 404)
#3 [internal function]: CodeIgniter\Debug\Exceptions->exceptionHandler(Object(CodeIgniter\Exceptions\PageNotFoundException))
#4 {main}
  thrown
in APPPATH\Views\errors\html\error_404.php on line 1.
 1 [internal function]: CodeIgniter\Debug\Exceptions->shutdownHandler()
CRITICAL - 2023-01-21 22:24:31 --> Uncaught Error: Call to undefined method CodeIgniter\Debug\Exceptions::include() in C:\wamp64\www\JetreneEshop\app\Views\errors\html\error_404.php:1
Stack trace:
#0 C:\wamp64\www\JetreneEshop\vendor\codeigniter4\framework\system\Debug\Exceptions.php(284): include()
#1 C:\wamp64\www\JetreneEshop\vendor\codeigniter4\framework\system\Debug\Exceptions.php(287): CodeIgniter\Debug\Exceptions->CodeIgniter\Debug\{closure}()
#2 C:\wamp64\www\JetreneEshop\vendor\codeigniter4\framework\system\Debug\Exceptions.php(139): CodeIgniter\Debug\Exceptions->render(Object(CodeIgniter\Exceptions\PageNotFoundException), 404)
#3 [internal function]: CodeIgniter\Debug\Exceptions->exceptionHandler(Object(CodeIgniter\Exceptions\PageNotFoundException))
#4 {main}
  thrown
in APPPATH\Views\errors\html\error_404.php on line 1.
 1 [internal function]: CodeIgniter\Debug\Exceptions->shutdownHandler()
CRITICAL - 2023-01-21 22:44:46 --> Uncaught Error: Call to undefined method CodeIgniter\Debug\Exceptions::include() in C:\wamp64\www\JetreneEshop\app\Views\errors\html\error_404.php:1
Stack trace:
#0 C:\wamp64\www\JetreneEshop\vendor\codeigniter4\framework\system\Debug\Exceptions.php(284): include()
#1 C:\wamp64\www\JetreneEshop\vendor\codeigniter4\framework\system\Debug\Exceptions.php(287): CodeIgniter\Debug\Exceptions->CodeIgniter\Debug\{closure}()
#2 C:\wamp64\www\JetreneEshop\vendor\codeigniter4\framework\system\Debug\Exceptions.php(139): CodeIgniter\Debug\Exceptions->render(Object(CodeIgniter\Exceptions\PageNotFoundException), 404)
#3 [internal function]: CodeIgniter\Debug\Exceptions->exceptionHandler(Object(CodeIgniter\Exceptions\PageNotFoundException))
#4 {main}
  thrown
in APPPATH\Views\errors\html\error_404.php on line 1.
 1 [internal function]: CodeIgniter\Debug\Exceptions->shutdownHandler()
CRITICAL - 2023-01-21 22:45:53 --> Uncaught Error: Call to undefined method CodeIgniter\Debug\Exceptions::include() in C:\wamp64\www\JetreneEshop\app\Views\errors\html\error_404.php:1
Stack trace:
#0 C:\wamp64\www\JetreneEshop\vendor\codeigniter4\framework\system\Debug\Exceptions.php(284): include()
#1 C:\wamp64\www\JetreneEshop\vendor\codeigniter4\framework\system\Debug\Exceptions.php(287): CodeIgniter\Debug\Exceptions->CodeIgniter\Debug\{closure}()
#2 C:\wamp64\www\JetreneEshop\vendor\codeigniter4\framework\system\Debug\Exceptions.php(139): CodeIgniter\Debug\Exceptions->render(Object(CodeIgniter\Exceptions\PageNotFoundException), 404)
#3 [internal function]: CodeIgniter\Debug\Exceptions->exceptionHandler(Object(CodeIgniter\Exceptions\PageNotFoundException))
#4 {main}
  thrown
in APPPATH\Views\errors\html\error_404.php on line 1.
 1 [internal function]: CodeIgniter\Debug\Exceptions->shutdownHandler()
CRITICAL - 2023-01-21 22:51:03 --> Uncaught Error: Call to undefined method CodeIgniter\Debug\Exceptions::include() in C:\wamp64\www\JetreneEshop\app\Views\errors\html\error_404.php:1
Stack trace:
#0 C:\wamp64\www\JetreneEshop\vendor\codeigniter4\framework\system\Debug\Exceptions.php(284): include()
#1 C:\wamp64\www\JetreneEshop\vendor\codeigniter4\framework\system\Debug\Exceptions.php(287): CodeIgniter\Debug\Exceptions->CodeIgniter\Debug\{closure}()
#2 C:\wamp64\www\JetreneEshop\vendor\codeigniter4\framework\system\Debug\Exceptions.php(139): CodeIgniter\Debug\Exceptions->render(Object(CodeIgniter\Exceptions\PageNotFoundException), 404)
#3 [internal function]: CodeIgniter\Debug\Exceptions->exceptionHandler(Object(CodeIgniter\Exceptions\PageNotFoundException))
#4 {main}
  thrown
in APPPATH\Views\errors\html\error_404.php on line 1.
 1 [internal function]: CodeIgniter\Debug\Exceptions->shutdownHandler()
CRITICAL - 2023-01-21 22:51:53 --> Uncaught Error: Call to undefined method CodeIgniter\Debug\Exceptions::include() in C:\wamp64\www\JetreneEshop\app\Views\errors\html\error_404.php:1
Stack trace:
#0 C:\wamp64\www\JetreneEshop\vendor\codeigniter4\framework\system\Debug\Exceptions.php(284): include()
#1 C:\wamp64\www\JetreneEshop\vendor\codeigniter4\framework\system\Debug\Exceptions.php(287): CodeIgniter\Debug\Exceptions->CodeIgniter\Debug\{closure}()
#2 C:\wamp64\www\JetreneEshop\vendor\codeigniter4\framework\system\Debug\Exceptions.php(139): CodeIgniter\Debug\Exceptions->render(Object(CodeIgniter\Exceptions\PageNotFoundException), 404)
#3 [internal function]: CodeIgniter\Debug\Exceptions->exceptionHandler(Object(CodeIgniter\Exceptions\PageNotFoundException))
#4 {main}
  thrown
in APPPATH\Views\errors\html\error_404.php on line 1.
 1 [internal function]: CodeIgniter\Debug\Exceptions->shutdownHandler()
CRITICAL - 2023-01-21 22:52:46 --> Uncaught Error: Call to undefined method CodeIgniter\Debug\Exceptions::include() in C:\wamp64\www\JetreneEshop\app\Views\errors\html\error_404.php:1
Stack trace:
#0 C:\wamp64\www\JetreneEshop\vendor\codeigniter4\framework\system\Debug\Exceptions.php(284): include()
#1 C:\wamp64\www\JetreneEshop\vendor\codeigniter4\framework\system\Debug\Exceptions.php(287): CodeIgniter\Debug\Exceptions->CodeIgniter\Debug\{closure}()
#2 C:\wamp64\www\JetreneEshop\vendor\codeigniter4\framework\system\Debug\Exceptions.php(139): CodeIgniter\Debug\Exceptions->render(Object(CodeIgniter\Exceptions\PageNotFoundException), 404)
#3 [internal function]: CodeIgniter\Debug\Exceptions->exceptionHandler(Object(CodeIgniter\Exceptions\PageNotFoundException))
#4 {main}
  thrown
in APPPATH\Views\errors\html\error_404.php on line 1.
 1 [internal function]: CodeIgniter\Debug\Exceptions->shutdownHandler()
CRITICAL - 2023-01-21 22:52:48 --> Uncaught Error: Call to undefined method CodeIgniter\Debug\Exceptions::include() in C:\wamp64\www\JetreneEshop\app\Views\errors\html\error_404.php:1
Stack trace:
#0 C:\wamp64\www\JetreneEshop\vendor\codeigniter4\framework\system\Debug\Exceptions.php(284): include()
#1 C:\wamp64\www\JetreneEshop\vendor\codeigniter4\framework\system\Debug\Exceptions.php(287): CodeIgniter\Debug\Exceptions->CodeIgniter\Debug\{closure}()
#2 C:\wamp64\www\JetreneEshop\vendor\codeigniter4\framework\system\Debug\Exceptions.php(139): CodeIgniter\Debug\Exceptions->render(Object(CodeIgniter\Exceptions\PageNotFoundException), 404)
#3 [internal function]: CodeIgniter\Debug\Exceptions->exceptionHandler(Object(CodeIgniter\Exceptions\PageNotFoundException))
#4 {main}
  thrown
in APPPATH\Views\errors\html\error_404.php on line 1.
 1 [internal function]: CodeIgniter\Debug\Exceptions->shutdownHandler()
CRITICAL - 2023-01-21 22:52:52 --> Uncaught Error: Call to undefined method CodeIgniter\Debug\Exceptions::include() in C:\wamp64\www\JetreneEshop\app\Views\errors\html\error_404.php:1
Stack trace:
#0 C:\wamp64\www\JetreneEshop\vendor\codeigniter4\framework\system\Debug\Exceptions.php(284): include()
#1 C:\wamp64\www\JetreneEshop\vendor\codeigniter4\framework\system\Debug\Exceptions.php(287): CodeIgniter\Debug\Exceptions->CodeIgniter\Debug\{closure}()
#2 C:\wamp64\www\JetreneEshop\vendor\codeigniter4\framework\system\Debug\Exceptions.php(139): CodeIgniter\Debug\Exceptions->render(Object(CodeIgniter\Exceptions\PageNotFoundException), 404)
#3 [internal function]: CodeIgniter\Debug\Exceptions->exceptionHandler(Object(CodeIgniter\Exceptions\PageNotFoundException))
#4 {main}
  thrown
in APPPATH\Views\errors\html\error_404.php on line 1.
 1 [internal function]: CodeIgniter\Debug\Exceptions->shutdownHandler()
CRITICAL - 2023-01-21 23:10:00 --> Invalid file: AdminDash/index.php
in SYSTEMPATH\Exceptions\FrameworkException.php on line 33.
 1 SYSTEMPATH\View\View.php(201): CodeIgniter\Exceptions\FrameworkException::forInvalidFile('AdminDash/index.php')
 2 SYSTEMPATH\Common.php(1134): CodeIgniter\View\View->render('AdminDash/index', [], true)
 3 APPPATH\Controllers\AdminDash.php(16): view('AdminDash/index')
 4 SYSTEMPATH\CodeIgniter.php(927): App\Controllers\AdminDash->Dashboard()
 5 SYSTEMPATH\CodeIgniter.php(482): CodeIgniter\CodeIgniter->runController(Object(App\Controllers\AdminDash))
 6 SYSTEMPATH\CodeIgniter.php(351): CodeIgniter\CodeIgniter->handleRequest(null, Object(Config\Cache), false)
 7 FCPATH\index.php(67): CodeIgniter\CodeIgniter->run()
 8 SYSTEMPATH\Commands\Server\rewrite.php(46): require_once('FCPATH\\index.php')
CRITICAL - 2023-01-21 23:20:30 --> Invalid file: partials/customizer.php
in SYSTEMPATH\Exceptions\FrameworkException.php on line 33.
 1 SYSTEMPATH\View\View.php(201): CodeIgniter\Exceptions\FrameworkException::forInvalidFile('partials/customizer.php')
 2 SYSTEMPATH\View\View.php(431): CodeIgniter\View\View->render('partials/customizer', null, true)
 3 APPPATH\Views\AdminDash\AdminDashView.php(18): CodeIgniter\View\View->include('partials/customizer')
 4 SYSTEMPATH\View\View.php(213): include('APPPATH\\Views\\AdminDash\\AdminDashView.php')
 5 SYSTEMPATH\View\View.php(216): CodeIgniter\View\View->CodeIgniter\View\{closure}()
 6 SYSTEMPATH\Common.php(1134): CodeIgniter\View\View->render('AdminDash/AdminDashView', [], true)
 7 APPPATH\Controllers\AdminDash.php(16): view('AdminDash/AdminDashView')
 8 SYSTEMPATH\CodeIgniter.php(927): App\Controllers\AdminDash->Dashboard()
 9 SYSTEMPATH\CodeIgniter.php(482): CodeIgniter\CodeIgniter->runController(Object(App\Controllers\AdminDash))
10 SYSTEMPATH\CodeIgniter.php(351): CodeIgniter\CodeIgniter->handleRequest(null, Object(Config\Cache), false)
11 FCPATH\index.php(67): CodeIgniter\CodeIgniter->run()
12 SYSTEMPATH\Commands\Server\rewrite.php(46): require_once('FCPATH\\index.php')
CRITICAL - 2023-01-21 23:21:01 --> Invalid file: partials/customizer.php
in SYSTEMPATH\Exceptions\FrameworkException.php on line 33.
 1 SYSTEMPATH\View\View.php(201): CodeIgniter\Exceptions\FrameworkException::forInvalidFile('partials/customizer.php')
 2 SYSTEMPATH\View\View.php(431): CodeIgniter\View\View->render('partials/customizer', null, true)
 3 APPPATH\Views\AdminDash\AdminDashView.php(18): CodeIgniter\View\View->include('partials/customizer')
 4 SYSTEMPATH\View\View.php(213): include('APPPATH\\Views\\AdminDash\\AdminDashView.php')
 5 SYSTEMPATH\View\View.php(216): CodeIgniter\View\View->CodeIgniter\View\{closure}()
 6 SYSTEMPATH\Common.php(1134): CodeIgniter\View\View->render('AdminDash/AdminDashView', [], true)
 7 APPPATH\Controllers\AdminDash.php(16): view('AdminDash/AdminDashView')
 8 SYSTEMPATH\CodeIgniter.php(927): App\Controllers\AdminDash->Dashboard()
 9 SYSTEMPATH\CodeIgniter.php(482): CodeIgniter\CodeIgniter->runController(Object(App\Controllers\AdminDash))
10 SYSTEMPATH\CodeIgniter.php(351): CodeIgniter\CodeIgniter->handleRequest(null, Object(Config\Cache), false)
11 FCPATH\index.php(67): CodeIgniter\CodeIgniter->run()
12 SYSTEMPATH\Commands\Server\rewrite.php(46): require_once('FCPATH\\index.php')
CRITICAL - 2023-01-21 23:22:55 --> Invalid file: partials/customizer.php
in SYSTEMPATH\Exceptions\FrameworkException.php on line 33.
 1 SYSTEMPATH\View\View.php(201): CodeIgniter\Exceptions\FrameworkException::forInvalidFile('partials/customizer.php')
 2 SYSTEMPATH\View\View.php(431): CodeIgniter\View\View->render('partials/customizer', null, true)
 3 APPPATH\Views\AdminDash\AdminDashView.php(18): CodeIgniter\View\View->include('partials/customizer')
 4 SYSTEMPATH\View\View.php(213): include('APPPATH\\Views\\AdminDash\\AdminDashView.php')
 5 SYSTEMPATH\View\View.php(216): CodeIgniter\View\View->CodeIgniter\View\{closure}()
 6 SYSTEMPATH\Common.php(1134): CodeIgniter\View\View->render('AdminDash/AdminDashView', [], true)
 7 APPPATH\Controllers\AdminDash.php(16): view('AdminDash/AdminDashView')
 8 SYSTEMPATH\CodeIgniter.php(927): App\Controllers\AdminDash->Dashboard()
 9 SYSTEMPATH\CodeIgniter.php(482): CodeIgniter\CodeIgniter->runController(Object(App\Controllers\AdminDash))
10 SYSTEMPATH\CodeIgniter.php(351): CodeIgniter\CodeIgniter->handleRequest(null, Object(Config\Cache), false)
11 FCPATH\index.php(67): CodeIgniter\CodeIgniter->run()
12 SYSTEMPATH\Commands\Server\rewrite.php(46): require_once('FCPATH\\index.php')
CRITICAL - 2023-01-21 23:23:10 --> Invalid file: partials/customizer.php
in SYSTEMPATH\Exceptions\FrameworkException.php on line 33.
 1 SYSTEMPATH\View\View.php(201): CodeIgniter\Exceptions\FrameworkException::forInvalidFile('partials/customizer.php')
 2 SYSTEMPATH\View\View.php(431): CodeIgniter\View\View->render('partials/customizer', null, true)
 3 APPPATH\Views\AdminDash\AdminDashView.php(18): CodeIgniter\View\View->include('partials/customizer')
 4 SYSTEMPATH\View\View.php(213): include('APPPATH\\Views\\AdminDash\\AdminDashView.php')
 5 SYSTEMPATH\View\View.php(216): CodeIgniter\View\View->CodeIgniter\View\{closure}()
 6 SYSTEMPATH\Common.php(1134): CodeIgniter\View\View->render('AdminDash/AdminDashView', [], true)
 7 APPPATH\Controllers\AdminDash.php(16): view('AdminDash/AdminDashView')
 8 SYSTEMPATH\CodeIgniter.php(927): App\Controllers\AdminDash->Dashboard()
 9 SYSTEMPATH\CodeIgniter.php(482): CodeIgniter\CodeIgniter->runController(Object(App\Controllers\AdminDash))
10 SYSTEMPATH\CodeIgniter.php(351): CodeIgniter\CodeIgniter->handleRequest(null, Object(Config\Cache), false)
11 FCPATH\index.php(67): CodeIgniter\CodeIgniter->run()
12 SYSTEMPATH\Commands\Server\rewrite.php(46): require_once('FCPATH\\index.php')
CRITICAL - 2023-01-21 23:23:10 --> Uncaught Error: Call to undefined method CodeIgniter\Debug\Exceptions::include() in C:\wamp64\www\JetreneEshop\app\Views\errors\html\production.php:1
Stack trace:
#0 C:\wamp64\www\JetreneEshop\vendor\codeigniter4\framework\system\Debug\Exceptions.php(284): include()
#1 C:\wamp64\www\JetreneEshop\vendor\codeigniter4\framework\system\Debug\Exceptions.php(287): CodeIgniter\Debug\Exceptions->CodeIgniter\Debug\{closure}()
#2 C:\wamp64\www\JetreneEshop\vendor\codeigniter4\framework\system\Debug\Exceptions.php(139): CodeIgniter\Debug\Exceptions->render(Object(CodeIgniter\View\Exceptions\ViewException), 500)
#3 [internal function]: CodeIgniter\Debug\Exceptions->exceptionHandler(Object(CodeIgniter\View\Exceptions\ViewException))
#4 {main}
  thrown
in APPPATH\Views\errors\html\production.php on line 1.
 1 [internal function]: CodeIgniter\Debug\Exceptions->shutdownHandler()
CRITICAL - 2023-01-21 23:23:12 --> Invalid file: partials/customizer.php
in SYSTEMPATH\Exceptions\FrameworkException.php on line 33.
 1 SYSTEMPATH\View\View.php(201): CodeIgniter\Exceptions\FrameworkException::forInvalidFile('partials/customizer.php')
 2 SYSTEMPATH\View\View.php(431): CodeIgniter\View\View->render('partials/customizer', null, true)
 3 APPPATH\Views\AdminDash\AdminDashView.php(18): CodeIgniter\View\View->include('partials/customizer')
 4 SYSTEMPATH\View\View.php(213): include('APPPATH\\Views\\AdminDash\\AdminDashView.php')
 5 SYSTEMPATH\View\View.php(216): CodeIgniter\View\View->CodeIgniter\View\{closure}()
 6 SYSTEMPATH\Common.php(1134): CodeIgniter\View\View->render('AdminDash/AdminDashView', [], true)
 7 APPPATH\Controllers\AdminDash.php(16): view('AdminDash/AdminDashView')
 8 SYSTEMPATH\CodeIgniter.php(927): App\Controllers\AdminDash->Dashboard()
 9 SYSTEMPATH\CodeIgniter.php(482): CodeIgniter\CodeIgniter->runController(Object(App\Controllers\AdminDash))
10 SYSTEMPATH\CodeIgniter.php(351): CodeIgniter\CodeIgniter->handleRequest(null, Object(Config\Cache), false)
11 FCPATH\index.php(67): CodeIgniter\CodeIgniter->run()
12 SYSTEMPATH\Commands\Server\rewrite.php(46): require_once('FCPATH\\index.php')
CRITICAL - 2023-01-21 23:23:12 --> Uncaught Error: Call to undefined method CodeIgniter\Debug\Exceptions::include() in C:\wamp64\www\JetreneEshop\app\Views\errors\html\production.php:1
Stack trace:
#0 C:\wamp64\www\JetreneEshop\vendor\codeigniter4\framework\system\Debug\Exceptions.php(284): include()
#1 C:\wamp64\www\JetreneEshop\vendor\codeigniter4\framework\system\Debug\Exceptions.php(287): CodeIgniter\Debug\Exceptions->CodeIgniter\Debug\{closure}()
#2 C:\wamp64\www\JetreneEshop\vendor\codeigniter4\framework\system\Debug\Exceptions.php(139): CodeIgniter\Debug\Exceptions->render(Object(CodeIgniter\View\Exceptions\ViewException), 500)
#3 [internal function]: CodeIgniter\Debug\Exceptions->exceptionHandler(Object(CodeIgniter\View\Exceptions\ViewException))
#4 {main}
  thrown
in APPPATH\Views\errors\html\production.php on line 1.
 1 [internal function]: CodeIgniter\Debug\Exceptions->shutdownHandler()
CRITICAL - 2023-01-21 23:23:23 --> Invalid file: partials/customizer.php
in SYSTEMPATH\Exceptions\FrameworkException.php on line 33.
 1 SYSTEMPATH\View\View.php(201): CodeIgniter\Exceptions\FrameworkException::forInvalidFile('partials/customizer.php')
 2 SYSTEMPATH\View\View.php(431): CodeIgniter\View\View->render('partials/customizer', null, true)
 3 APPPATH\Views\AdminDash\AdminDashView.php(18): CodeIgniter\View\View->include('partials/customizer')
 4 SYSTEMPATH\View\View.php(213): include('APPPATH\\Views\\AdminDash\\AdminDashView.php')
 5 SYSTEMPATH\View\View.php(216): CodeIgniter\View\View->CodeIgniter\View\{closure}()
 6 SYSTEMPATH\Common.php(1134): CodeIgniter\View\View->render('AdminDash/AdminDashView', [], true)
 7 APPPATH\Controllers\AdminDash.php(16): view('AdminDash/AdminDashView')
 8 SYSTEMPATH\CodeIgniter.php(927): App\Controllers\AdminDash->Dashboard()
 9 SYSTEMPATH\CodeIgniter.php(482): CodeIgniter\CodeIgniter->runController(Object(App\Controllers\AdminDash))
10 SYSTEMPATH\CodeIgniter.php(351): CodeIgniter\CodeIgniter->handleRequest(null, Object(Config\Cache), false)
11 FCPATH\index.php(67): CodeIgniter\CodeIgniter->run()
12 SYSTEMPATH\Commands\Server\rewrite.php(46): require_once('FCPATH\\index.php')
CRITICAL - 2023-01-21 23:34:43 --> Invalid file: partials/customizer.php
in SYSTEMPATH\Exceptions\FrameworkException.php on line 33.
 1 SYSTEMPATH\View\View.php(201): CodeIgniter\Exceptions\FrameworkException::forInvalidFile('partials/customizer.php')
 2 SYSTEMPATH\View\View.php(431): CodeIgniter\View\View->render('partials/customizer', null, true)
 3 APPPATH\Views\AdminDash\AdminDashView.php(18): CodeIgniter\View\View->include('partials/customizer')
 4 SYSTEMPATH\View\View.php(213): include('APPPATH\\Views\\AdminDash\\AdminDashView.php')
 5 SYSTEMPATH\View\View.php(216): CodeIgniter\View\View->CodeIgniter\View\{closure}()
 6 SYSTEMPATH\Common.php(1134): CodeIgniter\View\View->render('AdminDash/AdminDashView', [], true)
 7 APPPATH\Controllers\AdminDash.php(16): view('AdminDash/AdminDashView')
 8 SYSTEMPATH\CodeIgniter.php(927): App\Controllers\AdminDash->Dashboard()
 9 SYSTEMPATH\CodeIgniter.php(482): CodeIgniter\CodeIgniter->runController(Object(App\Controllers\AdminDash))
10 SYSTEMPATH\CodeIgniter.php(351): CodeIgniter\CodeIgniter->handleRequest(null, Object(Config\Cache), false)
11 FCPATH\index.php(67): CodeIgniter\CodeIgniter->run()
12 SYSTEMPATH\Commands\Server\rewrite.php(46): require_once('FCPATH\\index.php')
