CRITICAL - 2023-02-02 07:37:00 --> Undefined array key "HTTP_REFERER"
in APPPATH\Views\partials\page-title.php on line 6.
 1 APPPATH\Views\partials\page-title.php(6): CodeIgniter\Debug\Exceptions->errorHandler(2, 'Undefined array key "HTTP_REFERER"', 'APPPATH\\Views\\partials\\page-title.php', 6)
 2 SYSTEMPATH\View\View.php(213): include('APPPATH\\Views\\partials\\page-title.php')
 3 SYSTEMPATH\View\View.php(216): CodeIgniter\View\View->CodeIgniter\View\{closure}()
 4 SYSTEMPATH\Common.php(1134): CodeIgniter\View\View->render('partials/page-title', [], true)
 5 APPPATH\Views\AdminDash\CategoryListView.php(30): view('partials/page-title', [...])
 6 SYSTEMPATH\View\View.php(213): include('APPPATH\\Views\\AdminDash\\CategoryListView.php')
 7 SYSTEMPATH\View\View.php(216): CodeIgniter\View\View->CodeIgniter\View\{closure}()
 8 SYSTEMPATH\Common.php(1134): CodeIgniter\View\View->render('AdminDash/CategoryListView', [], true)
 9 APPPATH\Controllers\Categories.php(25): view('AdminDash/CategoryListView', [...])
10 SYSTEMPATH\CodeIgniter.php(927): App\Controllers\Categories->CategoryList()
11 SYSTEMPATH\CodeIgniter.php(482): CodeIgniter\CodeIgniter->runController(Object(App\Controllers\Categories))
12 SYSTEMPATH\CodeIgniter.php(351): CodeIgniter\CodeIgniter->handleRequest(null, Object(Config\Cache), false)
13 FCPATH\index.php(67): CodeIgniter\CodeIgniter->run()
14 SYSTEMPATH\Commands\Server\rewrite.php(46): require_once('FCPATH\\index.php')
CRITICAL - 2023-02-02 07:38:11 --> Undefined array key "HTTP_REFERER"
in APPPATH\Views\partials\page-title.php on line 6.
 1 APPPATH\Views\partials\page-title.php(6): CodeIgniter\Debug\Exceptions->errorHandler(2, 'Undefined array key "HTTP_REFERER"', 'APPPATH\\Views\\partials\\page-title.php', 6)
 2 SYSTEMPATH\View\View.php(213): include('APPPATH\\Views\\partials\\page-title.php')
 3 SYSTEMPATH\View\View.php(216): CodeIgniter\View\View->CodeIgniter\View\{closure}()
 4 SYSTEMPATH\Common.php(1134): CodeIgniter\View\View->render('partials/page-title', [], true)
 5 APPPATH\Views\AdminDash\CustomerListView.php(29): view('partials/page-title', [...])
 6 SYSTEMPATH\View\View.php(213): include('APPPATH\\Views\\AdminDash\\CustomerListView.php')
 7 SYSTEMPATH\View\View.php(216): CodeIgniter\View\View->CodeIgniter\View\{closure}()
 8 SYSTEMPATH\Common.php(1134): CodeIgniter\View\View->render('AdminDash/CustomerListView', [], true)
 9 APPPATH\Controllers\Customer.php(11): view('AdminDash/CustomerListView')
10 SYSTEMPATH\CodeIgniter.php(927): App\Controllers\Customer->CustomerList()
11 SYSTEMPATH\CodeIgniter.php(482): CodeIgniter\CodeIgniter->runController(Object(App\Controllers\Customer))
12 SYSTEMPATH\CodeIgniter.php(351): CodeIgniter\CodeIgniter->handleRequest(null, Object(Config\Cache), false)
13 FCPATH\index.php(67): CodeIgniter\CodeIgniter->run()
14 SYSTEMPATH\Commands\Server\rewrite.php(46): require_once('FCPATH\\index.php')
CRITICAL - 2023-02-02 07:38:23 --> Undefined array key "HTTP_REFERER"
in APPPATH\Views\partials\page-title.php on line 6.
 1 APPPATH\Views\partials\page-title.php(6): CodeIgniter\Debug\Exceptions->errorHandler(2, 'Undefined array key "HTTP_REFERER"', 'APPPATH\\Views\\partials\\page-title.php', 6)
 2 SYSTEMPATH\View\View.php(213): include('APPPATH\\Views\\partials\\page-title.php')
 3 SYSTEMPATH\View\View.php(216): CodeIgniter\View\View->CodeIgniter\View\{closure}()
 4 SYSTEMPATH\Common.php(1134): CodeIgniter\View\View->render('partials/page-title', [], true)
 5 APPPATH\Views\AdminDash\CategoryListView.php(30): view('partials/page-title', [...])
 6 SYSTEMPATH\View\View.php(213): include('APPPATH\\Views\\AdminDash\\CategoryListView.php')
 7 SYSTEMPATH\View\View.php(216): CodeIgniter\View\View->CodeIgniter\View\{closure}()
 8 SYSTEMPATH\Common.php(1134): CodeIgniter\View\View->render('AdminDash/CategoryListView', [], true)
 9 APPPATH\Controllers\Categories.php(25): view('AdminDash/CategoryListView', [...])
10 SYSTEMPATH\CodeIgniter.php(927): App\Controllers\Categories->CategoryList()
11 SYSTEMPATH\CodeIgniter.php(482): CodeIgniter\CodeIgniter->runController(Object(App\Controllers\Categories))
12 SYSTEMPATH\CodeIgniter.php(351): CodeIgniter\CodeIgniter->handleRequest(null, Object(Config\Cache), false)
13 FCPATH\index.php(67): CodeIgniter\CodeIgniter->run()
14 SYSTEMPATH\Commands\Server\rewrite.php(46): require_once('FCPATH\\index.php')
CRITICAL - 2023-02-02 07:38:24 --> Undefined array key "HTTP_REFERER"
in APPPATH\Views\partials\page-title.php on line 6.
 1 APPPATH\Views\partials\page-title.php(6): CodeIgniter\Debug\Exceptions->errorHandler(2, 'Undefined array key "HTTP_REFERER"', 'APPPATH\\Views\\partials\\page-title.php', 6)
 2 SYSTEMPATH\View\View.php(213): include('APPPATH\\Views\\partials\\page-title.php')
 3 SYSTEMPATH\View\View.php(216): CodeIgniter\View\View->CodeIgniter\View\{closure}()
 4 SYSTEMPATH\Common.php(1134): CodeIgniter\View\View->render('partials/page-title', [], true)
 5 APPPATH\Views\AdminDash\CategoryListView.php(30): view('partials/page-title', [...])
 6 SYSTEMPATH\View\View.php(213): include('APPPATH\\Views\\AdminDash\\CategoryListView.php')
 7 SYSTEMPATH\View\View.php(216): CodeIgniter\View\View->CodeIgniter\View\{closure}()
 8 SYSTEMPATH\Common.php(1134): CodeIgniter\View\View->render('AdminDash/CategoryListView', [], true)
 9 APPPATH\Controllers\Categories.php(25): view('AdminDash/CategoryListView', [...])
10 SYSTEMPATH\CodeIgniter.php(927): App\Controllers\Categories->CategoryList()
11 SYSTEMPATH\CodeIgniter.php(482): CodeIgniter\CodeIgniter->runController(Object(App\Controllers\Categories))
12 SYSTEMPATH\CodeIgniter.php(351): CodeIgniter\CodeIgniter->handleRequest(null, Object(Config\Cache), false)
13 FCPATH\index.php(67): CodeIgniter\CodeIgniter->run()
14 SYSTEMPATH\Commands\Server\rewrite.php(46): require_once('FCPATH\\index.php')
CRITICAL - 2023-02-02 07:38:45 --> Undefined array key "HTTP_REFERER"
in APPPATH\Views\partials\page-title.php on line 12.
 1 APPPATH\Views\partials\page-title.php(12): CodeIgniter\Debug\Exceptions->errorHandler(2, 'Undefined array key "HTTP_REFERER"', 'APPPATH\\Views\\partials\\page-title.php', 12)
 2 SYSTEMPATH\View\View.php(213): include('APPPATH\\Views\\partials\\page-title.php')
 3 SYSTEMPATH\View\View.php(216): CodeIgniter\View\View->CodeIgniter\View\{closure}()
 4 SYSTEMPATH\Common.php(1134): CodeIgniter\View\View->render('partials/page-title', [], true)
 5 APPPATH\Views\AdminDash\CategoryListView.php(30): view('partials/page-title', [...])
 6 SYSTEMPATH\View\View.php(213): include('APPPATH\\Views\\AdminDash\\CategoryListView.php')
 7 SYSTEMPATH\View\View.php(216): CodeIgniter\View\View->CodeIgniter\View\{closure}()
 8 SYSTEMPATH\Common.php(1134): CodeIgniter\View\View->render('AdminDash/CategoryListView', [], true)
 9 APPPATH\Controllers\Categories.php(25): view('AdminDash/CategoryListView', [...])
10 SYSTEMPATH\CodeIgniter.php(927): App\Controllers\Categories->CategoryList()
11 SYSTEMPATH\CodeIgniter.php(482): CodeIgniter\CodeIgniter->runController(Object(App\Controllers\Categories))
12 SYSTEMPATH\CodeIgniter.php(351): CodeIgniter\CodeIgniter->handleRequest(null, Object(Config\Cache), false)
13 FCPATH\index.php(67): CodeIgniter\CodeIgniter->run()
14 SYSTEMPATH\Commands\Server\rewrite.php(46): require_once('FCPATH\\index.php')
CRITICAL - 2023-02-02 07:39:29 --> Undefined array key "HTTP_REFERER"
in APPPATH\Views\partials\page-title.php on line 6.
 1 APPPATH\Views\partials\page-title.php(6): CodeIgniter\Debug\Exceptions->errorHandler(2, 'Undefined array key "HTTP_REFERER"', 'APPPATH\\Views\\partials\\page-title.php', 6)
 2 SYSTEMPATH\View\View.php(213): include('APPPATH\\Views\\partials\\page-title.php')
 3 SYSTEMPATH\View\View.php(216): CodeIgniter\View\View->CodeIgniter\View\{closure}()
 4 SYSTEMPATH\Common.php(1134): CodeIgniter\View\View->render('partials/page-title', [], true)
 5 APPPATH\Views\AdminDash\CategoryListView.php(30): view('partials/page-title', [...])
 6 SYSTEMPATH\View\View.php(213): include('APPPATH\\Views\\AdminDash\\CategoryListView.php')
 7 SYSTEMPATH\View\View.php(216): CodeIgniter\View\View->CodeIgniter\View\{closure}()
 8 SYSTEMPATH\Common.php(1134): CodeIgniter\View\View->render('AdminDash/CategoryListView', [], true)
 9 APPPATH\Controllers\Categories.php(25): view('AdminDash/CategoryListView', [...])
10 SYSTEMPATH\CodeIgniter.php(927): App\Controllers\Categories->CategoryList()
11 SYSTEMPATH\CodeIgniter.php(482): CodeIgniter\CodeIgniter->runController(Object(App\Controllers\Categories))
12 SYSTEMPATH\CodeIgniter.php(351): CodeIgniter\CodeIgniter->handleRequest(null, Object(Config\Cache), false)
13 FCPATH\index.php(67): CodeIgniter\CodeIgniter->run()
14 SYSTEMPATH\Commands\Server\rewrite.php(46): require_once('FCPATH\\index.php')
CRITICAL - 2023-02-02 07:47:34 --> Undefined variable $id
in APPPATH\Views\AdminDash\SubCategoryView.php on line 86.
 1 APPPATH\Views\AdminDash\SubCategoryView.php(86): CodeIgniter\Debug\Exceptions->errorHandler(2, 'Undefined variable $id', 'APPPATH\\Views\\AdminDash\\SubCategoryView.php', 86)
 2 SYSTEMPATH\View\View.php(213): include('APPPATH\\Views\\AdminDash\\SubCategoryView.php')
 3 SYSTEMPATH\View\View.php(216): CodeIgniter\View\View->CodeIgniter\View\{closure}()
 4 SYSTEMPATH\Common.php(1134): CodeIgniter\View\View->render('admindash/subcategoryview', [], true)
 5 APPPATH\Controllers\Categories.php(108): view('admindash/subcategoryview', [...])
 6 SYSTEMPATH\CodeIgniter.php(927): App\Controllers\Categories->subCategoryList()
 7 SYSTEMPATH\CodeIgniter.php(482): CodeIgniter\CodeIgniter->runController(Object(App\Controllers\Categories))
 8 SYSTEMPATH\CodeIgniter.php(351): CodeIgniter\CodeIgniter->handleRequest(null, Object(Config\Cache), false)
 9 FCPATH\index.php(67): CodeIgniter\CodeIgniter->run()
10 SYSTEMPATH\Commands\Server\rewrite.php(46): require_once('FCPATH\\index.php')
CRITICAL - 2023-02-02 07:49:01 --> Undefined variable $id
in APPPATH\Views\AdminDash\SubCategoryView.php on line 86.
 1 APPPATH\Views\AdminDash\SubCategoryView.php(86): CodeIgniter\Debug\Exceptions->errorHandler(2, 'Undefined variable $id', 'APPPATH\\Views\\AdminDash\\SubCategoryView.php', 86)
 2 SYSTEMPATH\View\View.php(213): include('APPPATH\\Views\\AdminDash\\SubCategoryView.php')
 3 SYSTEMPATH\View\View.php(216): CodeIgniter\View\View->CodeIgniter\View\{closure}()
 4 SYSTEMPATH\Common.php(1134): CodeIgniter\View\View->render('admindash/subcategoryview', [], true)
 5 APPPATH\Controllers\Categories.php(108): view('admindash/subcategoryview', [...])
 6 SYSTEMPATH\CodeIgniter.php(927): App\Controllers\Categories->subCategoryList()
 7 SYSTEMPATH\CodeIgniter.php(482): CodeIgniter\CodeIgniter->runController(Object(App\Controllers\Categories))
 8 SYSTEMPATH\CodeIgniter.php(351): CodeIgniter\CodeIgniter->handleRequest(null, Object(Config\Cache), false)
 9 FCPATH\index.php(67): CodeIgniter\CodeIgniter->run()
10 SYSTEMPATH\Commands\Server\rewrite.php(46): require_once('FCPATH\\index.php')
CRITICAL - 2023-02-02 08:08:57 --> Too few arguments to function App\Controllers\Categories::statusUpdate(), 1 passed in C:\wamp64\www\JetreneEshop\vendor\codeigniter4\framework\system\CodeIgniter.php on line 927 and exactly 2 expected
in APPPATH\Controllers\Categories.php on line 85.
 1 SYSTEMPATH\CodeIgniter.php(927): App\Controllers\Categories->statusUpdate('subCategory')
 2 SYSTEMPATH\CodeIgniter.php(482): CodeIgniter\CodeIgniter->runController(Object(App\Controllers\Categories))
 3 SYSTEMPATH\CodeIgniter.php(351): CodeIgniter\CodeIgniter->handleRequest(null, Object(Config\Cache), false)
 4 FCPATH\index.php(67): CodeIgniter\CodeIgniter->run()
 5 SYSTEMPATH\Commands\Server\rewrite.php(46): require_once('FCPATH\\index.php')
CRITICAL - 2023-02-02 08:12:29 --> Too few arguments to function App\Controllers\Categories::subStatusUpdate(), 1 passed in C:\wamp64\www\JetreneEshop\vendor\codeigniter4\framework\system\CodeIgniter.php on line 927 and exactly 3 expected
in APPPATH\Controllers\Categories.php on line 92.
 1 SYSTEMPATH\CodeIgniter.php(927): App\Controllers\Categories->subStatusUpdate('subCategory')
 2 SYSTEMPATH\CodeIgniter.php(482): CodeIgniter\CodeIgniter->runController(Object(App\Controllers\Categories))
 3 SYSTEMPATH\CodeIgniter.php(351): CodeIgniter\CodeIgniter->handleRequest(null, Object(Config\Cache), false)
 4 FCPATH\index.php(67): CodeIgniter\CodeIgniter->run()
 5 SYSTEMPATH\Commands\Server\rewrite.php(46): require_once('FCPATH\\index.php')
CRITICAL - 2023-02-02 08:13:22 --> Too few arguments to function App\Controllers\Categories::subStatusUpdate(), 2 passed in C:\wamp64\www\JetreneEshop\vendor\codeigniter4\framework\system\CodeIgniter.php on line 927 and exactly 3 expected
in APPPATH\Controllers\Categories.php on line 92.
 1 SYSTEMPATH\CodeIgniter.php(927): App\Controllers\Categories->subStatusUpdate('subCategory', 'subCategory')
 2 SYSTEMPATH\CodeIgniter.php(482): CodeIgniter\CodeIgniter->runController(Object(App\Controllers\Categories))
 3 SYSTEMPATH\CodeIgniter.php(351): CodeIgniter\CodeIgniter->handleRequest(null, Object(Config\Cache), false)
 4 FCPATH\index.php(67): CodeIgniter\CodeIgniter->run()
 5 SYSTEMPATH\Commands\Server\rewrite.php(46): require_once('FCPATH\\index.php')
CRITICAL - 2023-02-02 08:15:05 --> Too few arguments to function App\Controllers\Categories::subStatusUpdate(), 2 passed in C:\wamp64\www\JetreneEshop\vendor\codeigniter4\framework\system\CodeIgniter.php on line 927 and exactly 3 expected
in APPPATH\Controllers\Categories.php on line 92.
 1 SYSTEMPATH\CodeIgniter.php(927): App\Controllers\Categories->subStatusUpdate('subCategory', 'subCategory')
 2 SYSTEMPATH\CodeIgniter.php(482): CodeIgniter\CodeIgniter->runController(Object(App\Controllers\Categories))
 3 SYSTEMPATH\CodeIgniter.php(351): CodeIgniter\CodeIgniter->handleRequest(null, Object(Config\Cache), false)
 4 FCPATH\index.php(67): CodeIgniter\CodeIgniter->run()
 5 SYSTEMPATH\Commands\Server\rewrite.php(46): require_once('FCPATH\\index.php')
CRITICAL - 2023-02-02 08:26:16 --> There is no data to update.
in SYSTEMPATH\BaseModel.php on line 867.
 1 SYSTEMPATH\BaseModel.php(867): CodeIgniter\Database\Exceptions\DataException::forEmptyDataset('update')
 2 SYSTEMPATH\Model.php(693): CodeIgniter\BaseModel->update(null, [])
 3 APPPATH\Controllers\Categories.php(102): CodeIgniter\Model->update()
 4 SYSTEMPATH\CodeIgniter.php(927): App\Controllers\Categories->subCategory('FCPATH\\assets', 'images', 'small', 'img-4.jpg')
 5 SYSTEMPATH\CodeIgniter.php(482): CodeIgniter\CodeIgniter->runController(Object(App\Controllers\Categories))
 6 SYSTEMPATH\CodeIgniter.php(351): CodeIgniter\CodeIgniter->handleRequest(null, Object(Config\Cache), false)
 7 FCPATH\index.php(67): CodeIgniter\CodeIgniter->run()
 8 SYSTEMPATH\Commands\Server\rewrite.php(46): require_once('FCPATH\\index.php')
CRITICAL - 2023-02-02 08:26:18 --> There is no data to update.
in SYSTEMPATH\BaseModel.php on line 867.
 1 SYSTEMPATH\BaseModel.php(867): CodeIgniter\Database\Exceptions\DataException::forEmptyDataset('update')
 2 SYSTEMPATH\Model.php(693): CodeIgniter\BaseModel->update(null, [])
 3 APPPATH\Controllers\Categories.php(102): CodeIgniter\Model->update()
 4 SYSTEMPATH\CodeIgniter.php(927): App\Controllers\Categories->subCategory('FCPATH\\assets', 'images', 'small', 'img-4.jpg')
 5 SYSTEMPATH\CodeIgniter.php(482): CodeIgniter\CodeIgniter->runController(Object(App\Controllers\Categories))
 6 SYSTEMPATH\CodeIgniter.php(351): CodeIgniter\CodeIgniter->handleRequest(null, Object(Config\Cache), false)
 7 FCPATH\index.php(67): CodeIgniter\CodeIgniter->run()
 8 SYSTEMPATH\Commands\Server\rewrite.php(46): require_once('FCPATH\\index.php')
CRITICAL - 2023-02-02 08:26:55 --> There is no data to update.
in SYSTEMPATH\BaseModel.php on line 867.
 1 SYSTEMPATH\BaseModel.php(867): CodeIgniter\Database\Exceptions\DataException::forEmptyDataset('update')
 2 SYSTEMPATH\Model.php(693): CodeIgniter\BaseModel->update(null, [])
 3 APPPATH\Controllers\Categories.php(102): CodeIgniter\Model->update()
 4 SYSTEMPATH\CodeIgniter.php(927): App\Controllers\Categories->subCategory('FCPATH\\assets', 'images', 'small', 'img-4.jpg')
 5 SYSTEMPATH\CodeIgniter.php(482): CodeIgniter\CodeIgniter->runController(Object(App\Controllers\Categories))
 6 SYSTEMPATH\CodeIgniter.php(351): CodeIgniter\CodeIgniter->handleRequest(null, Object(Config\Cache), false)
 7 FCPATH\index.php(67): CodeIgniter\CodeIgniter->run()
 8 SYSTEMPATH\Commands\Server\rewrite.php(46): require_once('FCPATH\\index.php')
CRITICAL - 2023-02-02 08:26:57 --> There is no data to update.
in SYSTEMPATH\BaseModel.php on line 867.
 1 SYSTEMPATH\BaseModel.php(867): CodeIgniter\Database\Exceptions\DataException::forEmptyDataset('update')
 2 SYSTEMPATH\Model.php(693): CodeIgniter\BaseModel->update(null, [])
 3 APPPATH\Controllers\Categories.php(102): CodeIgniter\Model->update()
 4 SYSTEMPATH\CodeIgniter.php(927): App\Controllers\Categories->subCategory('FCPATH\\assets', 'images', 'small', 'img-4.jpg')
 5 SYSTEMPATH\CodeIgniter.php(482): CodeIgniter\CodeIgniter->runController(Object(App\Controllers\Categories))
 6 SYSTEMPATH\CodeIgniter.php(351): CodeIgniter\CodeIgniter->handleRequest(null, Object(Config\Cache), false)
 7 FCPATH\index.php(67): CodeIgniter\CodeIgniter->run()
 8 SYSTEMPATH\Commands\Server\rewrite.php(46): require_once('FCPATH\\index.php')
CRITICAL - 2023-02-02 08:26:58 --> There is no data to update.
in SYSTEMPATH\BaseModel.php on line 867.
 1 SYSTEMPATH\BaseModel.php(867): CodeIgniter\Database\Exceptions\DataException::forEmptyDataset('update')
 2 SYSTEMPATH\Model.php(693): CodeIgniter\BaseModel->update(null, [])
 3 APPPATH\Controllers\Categories.php(102): CodeIgniter\Model->update()
 4 SYSTEMPATH\CodeIgniter.php(927): App\Controllers\Categories->subCategory('subCategory', '1', '0')
 5 SYSTEMPATH\CodeIgniter.php(482): CodeIgniter\CodeIgniter->runController(Object(App\Controllers\Categories))
 6 SYSTEMPATH\CodeIgniter.php(351): CodeIgniter\CodeIgniter->handleRequest(null, Object(Config\Cache), false)
 7 FCPATH\index.php(67): CodeIgniter\CodeIgniter->run()
 8 SYSTEMPATH\Commands\Server\rewrite.php(46): require_once('FCPATH\\index.php')
CRITICAL - 2023-02-02 08:45:16 --> Too few arguments to function App\Controllers\Categories::subCategory(), 1 passed in C:\wamp64\www\JetreneEshop\vendor\codeigniter4\framework\system\CodeIgniter.php on line 927 and at least 2 expected
in APPPATH\Controllers\Categories.php on line 91.
 1 SYSTEMPATH\CodeIgniter.php(927): App\Controllers\Categories->subCategory('4')
 2 SYSTEMPATH\CodeIgniter.php(482): CodeIgniter\CodeIgniter->runController(Object(App\Controllers\Categories))
 3 SYSTEMPATH\CodeIgniter.php(351): CodeIgniter\CodeIgniter->handleRequest(null, Object(Config\Cache), false)
 4 FCPATH\index.php(67): CodeIgniter\CodeIgniter->run()
 5 SYSTEMPATH\Commands\Server\rewrite.php(46): require_once('FCPATH\\index.php')
CRITICAL - 2023-02-02 08:46:43 --> Too few arguments to function App\Controllers\Categories::subCategory(), 1 passed in C:\wamp64\www\JetreneEshop\vendor\codeigniter4\framework\system\CodeIgniter.php on line 927 and at least 2 expected
in APPPATH\Controllers\Categories.php on line 91.
 1 SYSTEMPATH\CodeIgniter.php(927): App\Controllers\Categories->subCategory('4')
 2 SYSTEMPATH\CodeIgniter.php(482): CodeIgniter\CodeIgniter->runController(Object(App\Controllers\Categories))
 3 SYSTEMPATH\CodeIgniter.php(351): CodeIgniter\CodeIgniter->handleRequest(null, Object(Config\Cache), false)
 4 FCPATH\index.php(67): CodeIgniter\CodeIgniter->run()
 5 SYSTEMPATH\Commands\Server\rewrite.php(46): require_once('FCPATH\\index.php')
CRITICAL - 2023-02-02 08:59:40 --> Maximum execution time of 60 seconds exceeded
in SYSTEMPATH\Database\Query.php on line 310.
 1 [internal function]: CodeIgniter\Debug\Exceptions->shutdownHandler()
CRITICAL - 2023-02-02 09:00:49 --> Maximum execution time of 60 seconds exceeded
in SYSTEMPATH\Database\MySQLi\Connection.php on line 292.
 1 [internal function]: CodeIgniter\Debug\Exceptions->shutdownHandler()
CRITICAL - 2023-02-02 10:48:12 --> syntax error, unexpected token "return"
in APPPATH\Controllers\Categories.php on line 108.
 1 SYSTEMPATH\Autoloader\Autoloader.php(259): CodeIgniter\Autoloader\Autoloader->includeFile('APPPATH\\Controllers\\Categories.php')
 2 SYSTEMPATH\Autoloader\Autoloader.php(237): CodeIgniter\Autoloader\Autoloader->loadInNamespace('App\\Controllers\\Categories')
 3 [internal function]: CodeIgniter\Autoloader\Autoloader->loadClass('App\\Controllers\\Categories')
 4 SYSTEMPATH\CodeIgniter.php(877): class_exists('\\App\\Controllers\\Categories', true)
 5 SYSTEMPATH\CodeIgniter.php(469): CodeIgniter\CodeIgniter->startController()
 6 SYSTEMPATH\CodeIgniter.php(351): CodeIgniter\CodeIgniter->handleRequest(null, Object(Config\Cache), false)
 7 FCPATH\index.php(67): CodeIgniter\CodeIgniter->run()
 8 SYSTEMPATH\Commands\Server\rewrite.php(46): require_once('FCPATH\\index.php')
CRITICAL - 2023-02-02 10:51:11 --> Undefined array key "id   "
in APPPATH\Views\AdminDash\SubCategoryView.php on line 86.
 1 APPPATH\Views\AdminDash\SubCategoryView.php(86): CodeIgniter\Debug\Exceptions->errorHandler(2, 'Undefined array key "id   "', 'APPPATH\\Views\\AdminDash\\SubCategoryView.php', 86)
 2 SYSTEMPATH\View\View.php(213): include('APPPATH\\Views\\AdminDash\\SubCategoryView.php')
 3 SYSTEMPATH\View\View.php(216): CodeIgniter\View\View->CodeIgniter\View\{closure}()
 4 SYSTEMPATH\Common.php(1134): CodeIgniter\View\View->render('admindash/subcategoryview', [], true)
 5 APPPATH\Controllers\Categories.php(118): view('admindash/subcategoryview', [...])
 6 SYSTEMPATH\CodeIgniter.php(927): App\Controllers\Categories->subCategoryList()
 7 SYSTEMPATH\CodeIgniter.php(482): CodeIgniter\CodeIgniter->runController(Object(App\Controllers\Categories))
 8 SYSTEMPATH\CodeIgniter.php(351): CodeIgniter\CodeIgniter->handleRequest(null, Object(Config\Cache), false)
 9 FCPATH\index.php(67): CodeIgniter\CodeIgniter->run()
10 SYSTEMPATH\Commands\Server\rewrite.php(46): require_once('FCPATH\\index.php')
ERROR - 2023-02-02 11:03:36 --> mysqli_sql_exception: Unknown column 'categories.id' in 'on clause' in C:\wamp64\www\JetreneEshop\vendor\codeigniter4\framework\system\Database\MySQLi\Connection.php:292
Stack trace:
#0 C:\wamp64\www\JetreneEshop\vendor\codeigniter4\framework\system\Database\MySQLi\Connection.php(292): mysqli->query('SELECT *\nFROM `...', 0)
#1 C:\wamp64\www\JetreneEshop\vendor\codeigniter4\framework\system\Database\BaseConnection.php(666): CodeIgniter\Database\MySQLi\Connection->execute('SELECT *\nFROM `...')
#2 C:\wamp64\www\JetreneEshop\vendor\codeigniter4\framework\system\Database\BaseConnection.php(593): CodeIgniter\Database\BaseConnection->simpleQuery('SELECT *\nFROM `...')
#3 C:\wamp64\www\JetreneEshop\vendor\codeigniter4\framework\system\Database\BaseBuilder.php(1585): CodeIgniter\Database\BaseConnection->query('SELECT *\nFROM `...', Array, false)
#4 C:\wamp64\www\JetreneEshop\vendor\codeigniter4\framework\system\Model.php(772): CodeIgniter\Database\BaseBuilder->get()
#5 C:\wamp64\www\JetreneEshop\app\Controllers\Categories.php(125): CodeIgniter\Model->__call('get', Array)
#6 C:\wamp64\www\JetreneEshop\vendor\codeigniter4\framework\system\CodeIgniter.php(927): App\Controllers\Categories->category('4')
#7 C:\wamp64\www\JetreneEshop\vendor\codeigniter4\framework\system\CodeIgniter.php(482): CodeIgniter\CodeIgniter->runController(Object(App\Controllers\Categories))
#8 C:\wamp64\www\JetreneEshop\vendor\codeigniter4\framework\system\CodeIgniter.php(351): CodeIgniter\CodeIgniter->handleRequest(NULL, Object(Config\Cache), false)
#9 C:\wamp64\www\JetreneEshop\public\index.php(67): CodeIgniter\CodeIgniter->run()
#10 C:\wamp64\www\JetreneEshop\vendor\codeigniter4\framework\system\Commands\Server\rewrite.php(46): require_once('C:\\wamp64\\www\\J...')
#11 {main}
CRITICAL - 2023-02-02 11:03:36 --> Call to a member function getResultArray() on bool
in APPPATH\Controllers\Categories.php on line 125.
 1 SYSTEMPATH\CodeIgniter.php(927): App\Controllers\Categories->category('4')
 2 SYSTEMPATH\CodeIgniter.php(482): CodeIgniter\CodeIgniter->runController(Object(App\Controllers\Categories))
 3 SYSTEMPATH\CodeIgniter.php(351): CodeIgniter\CodeIgniter->handleRequest(null, Object(Config\Cache), false)
 4 FCPATH\index.php(67): CodeIgniter\CodeIgniter->run()
 5 SYSTEMPATH\Commands\Server\rewrite.php(46): require_once('FCPATH\\index.php')
ERROR - 2023-02-02 11:04:25 --> mysqli_sql_exception: Unknown column 'categories.id' in 'on clause' in C:\wamp64\www\JetreneEshop\vendor\codeigniter4\framework\system\Database\MySQLi\Connection.php:292
Stack trace:
#0 C:\wamp64\www\JetreneEshop\vendor\codeigniter4\framework\system\Database\MySQLi\Connection.php(292): mysqli->query('SELECT *\nFROM `...', 0)
#1 C:\wamp64\www\JetreneEshop\vendor\codeigniter4\framework\system\Database\BaseConnection.php(666): CodeIgniter\Database\MySQLi\Connection->execute('SELECT *\nFROM `...')
#2 C:\wamp64\www\JetreneEshop\vendor\codeigniter4\framework\system\Database\BaseConnection.php(593): CodeIgniter\Database\BaseConnection->simpleQuery('SELECT *\nFROM `...')
#3 C:\wamp64\www\JetreneEshop\vendor\codeigniter4\framework\system\Database\BaseBuilder.php(1585): CodeIgniter\Database\BaseConnection->query('SELECT *\nFROM `...', Array, false)
#4 C:\wamp64\www\JetreneEshop\vendor\codeigniter4\framework\system\Model.php(772): CodeIgniter\Database\BaseBuilder->get()
#5 C:\wamp64\www\JetreneEshop\app\Controllers\Categories.php(125): CodeIgniter\Model->__call('get', Array)
#6 C:\wamp64\www\JetreneEshop\vendor\codeigniter4\framework\system\CodeIgniter.php(927): App\Controllers\Categories->category('4')
#7 C:\wamp64\www\JetreneEshop\vendor\codeigniter4\framework\system\CodeIgniter.php(482): CodeIgniter\CodeIgniter->runController(Object(App\Controllers\Categories))
#8 C:\wamp64\www\JetreneEshop\vendor\codeigniter4\framework\system\CodeIgniter.php(351): CodeIgniter\CodeIgniter->handleRequest(NULL, Object(Config\Cache), false)
#9 C:\wamp64\www\JetreneEshop\public\index.php(67): CodeIgniter\CodeIgniter->run()
#10 C:\wamp64\www\JetreneEshop\vendor\codeigniter4\framework\system\Commands\Server\rewrite.php(46): require_once('C:\\wamp64\\www\\J...')
#11 {main}
CRITICAL - 2023-02-02 11:04:25 --> Call to a member function getResultArray() on bool
in APPPATH\Controllers\Categories.php on line 125.
 1 SYSTEMPATH\CodeIgniter.php(927): App\Controllers\Categories->category('4')
 2 SYSTEMPATH\CodeIgniter.php(482): CodeIgniter\CodeIgniter->runController(Object(App\Controllers\Categories))
 3 SYSTEMPATH\CodeIgniter.php(351): CodeIgniter\CodeIgniter->handleRequest(null, Object(Config\Cache), false)
 4 FCPATH\index.php(67): CodeIgniter\CodeIgniter->run()
 5 SYSTEMPATH\Commands\Server\rewrite.php(46): require_once('FCPATH\\index.php')
ERROR - 2023-02-02 11:06:35 --> mysqli_sql_exception: Unknown column 'categories.id' in 'on clause' in C:\wamp64\www\JetreneEshop\vendor\codeigniter4\framework\system\Database\MySQLi\Connection.php:292
Stack trace:
#0 C:\wamp64\www\JetreneEshop\vendor\codeigniter4\framework\system\Database\MySQLi\Connection.php(292): mysqli->query('SELECT *\nFROM `...', 0)
#1 C:\wamp64\www\JetreneEshop\vendor\codeigniter4\framework\system\Database\BaseConnection.php(666): CodeIgniter\Database\MySQLi\Connection->execute('SELECT *\nFROM `...')
#2 C:\wamp64\www\JetreneEshop\vendor\codeigniter4\framework\system\Database\BaseConnection.php(593): CodeIgniter\Database\BaseConnection->simpleQuery('SELECT *\nFROM `...')
#3 C:\wamp64\www\JetreneEshop\vendor\codeigniter4\framework\system\Database\BaseBuilder.php(1585): CodeIgniter\Database\BaseConnection->query('SELECT *\nFROM `...', Array, false)
#4 C:\wamp64\www\JetreneEshop\vendor\codeigniter4\framework\system\Model.php(772): CodeIgniter\Database\BaseBuilder->get()
#5 C:\wamp64\www\JetreneEshop\app\Controllers\Categories.php(125): CodeIgniter\Model->__call('get', Array)
#6 C:\wamp64\www\JetreneEshop\vendor\codeigniter4\framework\system\CodeIgniter.php(927): App\Controllers\Categories->category('4')
#7 C:\wamp64\www\JetreneEshop\vendor\codeigniter4\framework\system\CodeIgniter.php(482): CodeIgniter\CodeIgniter->runController(Object(App\Controllers\Categories))
#8 C:\wamp64\www\JetreneEshop\vendor\codeigniter4\framework\system\CodeIgniter.php(351): CodeIgniter\CodeIgniter->handleRequest(NULL, Object(Config\Cache), false)
#9 C:\wamp64\www\JetreneEshop\public\index.php(67): CodeIgniter\CodeIgniter->run()
#10 C:\wamp64\www\JetreneEshop\vendor\codeigniter4\framework\system\Commands\Server\rewrite.php(46): require_once('C:\\wamp64\\www\\J...')
#11 {main}
CRITICAL - 2023-02-02 11:06:35 --> Call to a member function getResultArray() on bool
in APPPATH\Controllers\Categories.php on line 125.
 1 SYSTEMPATH\CodeIgniter.php(927): App\Controllers\Categories->category('4')
 2 SYSTEMPATH\CodeIgniter.php(482): CodeIgniter\CodeIgniter->runController(Object(App\Controllers\Categories))
 3 SYSTEMPATH\CodeIgniter.php(351): CodeIgniter\CodeIgniter->handleRequest(null, Object(Config\Cache), false)
 4 FCPATH\index.php(67): CodeIgniter\CodeIgniter->run()
 5 SYSTEMPATH\Commands\Server\rewrite.php(46): require_once('FCPATH\\index.php')
CRITICAL - 2023-02-02 11:23:57 --> Undefined array key "pid"
in APPPATH\Views\AdminDash\SubCategoryView.php on line 86.
 1 APPPATH\Views\AdminDash\SubCategoryView.php(86): CodeIgniter\Debug\Exceptions->errorHandler(2, 'Undefined array key "pid"', 'APPPATH\\Views\\AdminDash\\SubCategoryView.php', 86)
 2 SYSTEMPATH\View\View.php(213): include('APPPATH\\Views\\AdminDash\\SubCategoryView.php')
 3 SYSTEMPATH\View\View.php(216): CodeIgniter\View\View->CodeIgniter\View\{closure}()
 4 SYSTEMPATH\Common.php(1134): CodeIgniter\View\View->render('admindash/subcategoryview', [], true)
 5 APPPATH\Controllers\Categories.php(101): view('admindash/subcategoryview', [...])
 6 SYSTEMPATH\CodeIgniter.php(927): App\Controllers\Categories->subCategory('4')
 7 SYSTEMPATH\CodeIgniter.php(482): CodeIgniter\CodeIgniter->runController(Object(App\Controllers\Categories))
 8 SYSTEMPATH\CodeIgniter.php(351): CodeIgniter\CodeIgniter->handleRequest(null, Object(Config\Cache), false)
 9 FCPATH\index.php(67): CodeIgniter\CodeIgniter->run()
10 SYSTEMPATH\Commands\Server\rewrite.php(46): require_once('FCPATH\\index.php')
CRITICAL - 2023-02-02 12:39:51 --> Undefined variable $sub_category
in APPPATH\Views\AdminDash\SubCategoryView.php on line 64.
 1 APPPATH\Views\AdminDash\SubCategoryView.php(64): CodeIgniter\Debug\Exceptions->errorHandler(2, 'Undefined variable $sub_category', 'APPPATH\\Views\\AdminDash\\SubCategoryView.php', 64)
 2 SYSTEMPATH\View\View.php(213): include('APPPATH\\Views\\AdminDash\\SubCategoryView.php')
 3 SYSTEMPATH\View\View.php(216): CodeIgniter\View\View->CodeIgniter\View\{closure}()
 4 SYSTEMPATH\Common.php(1134): CodeIgniter\View\View->render('admindash/subcategoryview', [], true)
 5 APPPATH\Controllers\Categories.php(92): view('admindash/subcategoryview', [...])
 6 SYSTEMPATH\CodeIgniter.php(927): App\Controllers\Categories->statusUpdate('1', '0')
 7 SYSTEMPATH\CodeIgniter.php(482): CodeIgniter\CodeIgniter->runController(Object(App\Controllers\Categories))
 8 SYSTEMPATH\CodeIgniter.php(351): CodeIgniter\CodeIgniter->handleRequest(null, Object(Config\Cache), false)
 9 FCPATH\index.php(67): CodeIgniter\CodeIgniter->run()
10 SYSTEMPATH\Commands\Server\rewrite.php(46): require_once('FCPATH\\index.php')
CRITICAL - 2023-02-02 12:40:03 --> Undefined variable $sub_category
in APPPATH\Views\AdminDash\SubCategoryView.php on line 64.
 1 APPPATH\Views\AdminDash\SubCategoryView.php(64): CodeIgniter\Debug\Exceptions->errorHandler(2, 'Undefined variable $sub_category', 'APPPATH\\Views\\AdminDash\\SubCategoryView.php', 64)
 2 SYSTEMPATH\View\View.php(213): include('APPPATH\\Views\\AdminDash\\SubCategoryView.php')
 3 SYSTEMPATH\View\View.php(216): CodeIgniter\View\View->CodeIgniter\View\{closure}()
 4 SYSTEMPATH\Common.php(1134): CodeIgniter\View\View->render('admindash/subcategoryview', [], true)
 5 APPPATH\Controllers\Categories.php(92): view('admindash/subcategoryview', [...])
 6 SYSTEMPATH\CodeIgniter.php(927): App\Controllers\Categories->statusUpdate('2', '0')
 7 SYSTEMPATH\CodeIgniter.php(482): CodeIgniter\CodeIgniter->runController(Object(App\Controllers\Categories))
 8 SYSTEMPATH\CodeIgniter.php(351): CodeIgniter\CodeIgniter->handleRequest(null, Object(Config\Cache), false)
 9 FCPATH\index.php(67): CodeIgniter\CodeIgniter->run()
10 SYSTEMPATH\Commands\Server\rewrite.php(46): require_once('FCPATH\\index.php')
CRITICAL - 2023-02-02 12:46:27 --> Cannot use object of type CodeIgniter\HTTP\Files\UploadedFile as array
in APPPATH\Controllers\Categories.php on line 68.
 1 SYSTEMPATH\CodeIgniter.php(927): App\Controllers\Categories->updateCategory()
 2 SYSTEMPATH\CodeIgniter.php(482): CodeIgniter\CodeIgniter->runController(Object(App\Controllers\Categories))
 3 SYSTEMPATH\CodeIgniter.php(351): CodeIgniter\CodeIgniter->handleRequest(null, Object(Config\Cache), false)
 4 FCPATH\index.php(67): CodeIgniter\CodeIgniter->run()
 5 SYSTEMPATH\Commands\Server\rewrite.php(46): require_once('FCPATH\\index.php')
CRITICAL - 2023-02-02 12:47:27 --> Cannot use object of type CodeIgniter\HTTP\Files\UploadedFile as array
in APPPATH\Controllers\Categories.php on line 68.
 1 SYSTEMPATH\CodeIgniter.php(927): App\Controllers\Categories->updateCategory()
 2 SYSTEMPATH\CodeIgniter.php(482): CodeIgniter\CodeIgniter->runController(Object(App\Controllers\Categories))
 3 SYSTEMPATH\CodeIgniter.php(351): CodeIgniter\CodeIgniter->handleRequest(null, Object(Config\Cache), false)
 4 FCPATH\index.php(67): CodeIgniter\CodeIgniter->run()
 5 SYSTEMPATH\Commands\Server\rewrite.php(46): require_once('FCPATH\\index.php')
CRITICAL - 2023-02-02 12:47:53 --> Cannot use object of type CodeIgniter\HTTP\Files\UploadedFile as array
in APPPATH\Controllers\Categories.php on line 68.
 1 SYSTEMPATH\CodeIgniter.php(927): App\Controllers\Categories->updateCategory()
 2 SYSTEMPATH\CodeIgniter.php(482): CodeIgniter\CodeIgniter->runController(Object(App\Controllers\Categories))
 3 SYSTEMPATH\CodeIgniter.php(351): CodeIgniter\CodeIgniter->handleRequest(null, Object(Config\Cache), false)
 4 FCPATH\index.php(67): CodeIgniter\CodeIgniter->run()
 5 SYSTEMPATH\Commands\Server\rewrite.php(46): require_once('FCPATH\\index.php')
CRITICAL - 2023-02-02 12:48:11 --> Undefined array key "name"
in APPPATH\Controllers\Categories.php on line 68.
 1 APPPATH\Controllers\Categories.php(68): CodeIgniter\Debug\Exceptions->errorHandler(2, 'Undefined array key "name"', 'APPPATH\\Controllers\\Categories.php', 68)
 2 SYSTEMPATH\CodeIgniter.php(927): App\Controllers\Categories->updateCategory()
 3 SYSTEMPATH\CodeIgniter.php(482): CodeIgniter\CodeIgniter->runController(Object(App\Controllers\Categories))
 4 SYSTEMPATH\CodeIgniter.php(351): CodeIgniter\CodeIgniter->handleRequest(null, Object(Config\Cache), false)
 5 FCPATH\index.php(67): CodeIgniter\CodeIgniter->run()
 6 SYSTEMPATH\Commands\Server\rewrite.php(46): require_once('FCPATH\\index.php')
CRITICAL - 2023-02-02 12:48:35 --> Undefined array key "*name"
in APPPATH\Controllers\Categories.php on line 68.
 1 APPPATH\Controllers\Categories.php(68): CodeIgniter\Debug\Exceptions->errorHandler(2, 'Undefined array key "*name"', 'APPPATH\\Controllers\\Categories.php', 68)
 2 SYSTEMPATH\CodeIgniter.php(927): App\Controllers\Categories->updateCategory()
 3 SYSTEMPATH\CodeIgniter.php(482): CodeIgniter\CodeIgniter->runController(Object(App\Controllers\Categories))
 4 SYSTEMPATH\CodeIgniter.php(351): CodeIgniter\CodeIgniter->handleRequest(null, Object(Config\Cache), false)
 5 FCPATH\index.php(67): CodeIgniter\CodeIgniter->run()
 6 SYSTEMPATH\Commands\Server\rewrite.php(46): require_once('FCPATH\\index.php')
CRITICAL - 2023-02-02 12:49:26 --> Undefined array key 4
in APPPATH\Controllers\Categories.php on line 68.
 1 APPPATH\Controllers\Categories.php(68): CodeIgniter\Debug\Exceptions->errorHandler(2, 'Undefined array key 4', 'APPPATH\\Controllers\\Categories.php', 68)
 2 SYSTEMPATH\CodeIgniter.php(927): App\Controllers\Categories->updateCategory()
 3 SYSTEMPATH\CodeIgniter.php(482): CodeIgniter\CodeIgniter->runController(Object(App\Controllers\Categories))
 4 SYSTEMPATH\CodeIgniter.php(351): CodeIgniter\CodeIgniter->handleRequest(null, Object(Config\Cache), false)
 5 FCPATH\index.php(67): CodeIgniter\CodeIgniter->run()
 6 SYSTEMPATH\Commands\Server\rewrite.php(46): require_once('FCPATH\\index.php')
