CRITICAL - 2022-12-19 18:14:48 --> Invalid file: Home.php
in SYSTEMPATH\Exceptions\FrameworkException.php on line 33.
 1 SYSTEMPATH\View\View.php(201): CodeIgniter\Exceptions\FrameworkException::forInvalidFile('Home.php')
 2 SYSTEMPATH\Common.php(1134): CodeIgniter\View\View->render('Home', [], true)
 3 APPPATH\Controllers\Auth.php(44): view('Home', [...])
 4 SYSTEMPATH\CodeIgniter.php(927): App\Controllers\Auth->validateReg()
 5 SYSTEMPATH\CodeIgniter.php(482): CodeIgniter\CodeIgniter->runController(Object(App\Controllers\Auth))
 6 SYSTEMPATH\CodeIgniter.php(351): CodeIgniter\CodeIgniter->handleRequest(null, Object(Config\Cache), false)
 7 FCPATH\index.php(67): CodeIgniter\CodeIgniter->run()
 8 SYSTEMPATH\Commands\Server\rewrite.php(46): require_once('FCPATH\\index.php')
CRITICAL - 2022-12-19 18:22:00 --> Call to a member function hasError() on array
in APPPATH\Helpers\Form_helper.php on line 3.
 1 APPPATH\Views\include\modal\signup_modal.php(42): display_error([...], 'email')
 2 SYSTEMPATH\View\View.php(213): include('APPPATH\\Views\\include\\modal\\signup_modal.php')
 3 SYSTEMPATH\View\View.php(216): CodeIgniter\View\View->CodeIgniter\View\{closure}()
 4 SYSTEMPATH\View\View.php(431): CodeIgniter\View\View->render('include/modal/signup_modal', null, true)
 5 APPPATH\Views\HomeView.php(15): CodeIgniter\View\View->include('include/modal/signup_modal')
 6 SYSTEMPATH\View\View.php(213): include('APPPATH\\Views\\HomeView.php')
 7 SYSTEMPATH\View\View.php(216): CodeIgniter\View\View->CodeIgniter\View\{closure}()
 8 SYSTEMPATH\Common.php(1134): CodeIgniter\View\View->render('Homeview', [], true)
 9 APPPATH\Controllers\Auth.php(45): view('Homeview', [...])
10 SYSTEMPATH\CodeIgniter.php(927): App\Controllers\Auth->validateReg()
11 SYSTEMPATH\CodeIgniter.php(482): CodeIgniter\CodeIgniter->runController(Object(App\Controllers\Auth))
12 SYSTEMPATH\CodeIgniter.php(351): CodeIgniter\CodeIgniter->handleRequest(null, Object(Config\Cache), false)
13 FCPATH\index.php(67): CodeIgniter\CodeIgniter->run()
14 SYSTEMPATH\Commands\Server\rewrite.php(46): require_once('FCPATH\\index.php')
CRITICAL - 2022-12-19 18:28:30 --> The route for "/home" cannot be found.
in SYSTEMPATH\HTTP\RedirectResponse.php on line 60.
 1 SYSTEMPATH\HTTP\RedirectResponse.php(60): CodeIgniter\HTTP\Exceptions\HTTPException::forInvalidRedirectRoute('/home')
 2 APPPATH\Controllers\Auth.php(44): CodeIgniter\HTTP\RedirectResponse->route(false)
 3 SYSTEMPATH\CodeIgniter.php(927): App\Controllers\Auth->validateReg()
 4 SYSTEMPATH\CodeIgniter.php(482): CodeIgniter\CodeIgniter->runController(Object(App\Controllers\Auth))
 5 SYSTEMPATH\CodeIgniter.php(351): CodeIgniter\CodeIgniter->handleRequest(null, Object(Config\Cache), false)
 6 FCPATH\index.php(67): CodeIgniter\CodeIgniter->run()
 7 SYSTEMPATH\Commands\Server\rewrite.php(46): require_once('FCPATH\\index.php')
CRITICAL - 2022-12-19 18:38:03 --> Undefined variable $login
in APPPATH\Views\include\element\sub_navbar.php on line 6.
 1 APPPATH\Views\include\element\sub_navbar.php(6): CodeIgniter\Debug\Exceptions->errorHandler(2, 'Undefined variable $login', 'APPPATH\\Views\\include\\element\\sub_navbar.php', 6)
 2 SYSTEMPATH\View\View.php(213): include('APPPATH\\Views\\include\\element\\sub_navbar.php')
 3 SYSTEMPATH\View\View.php(216): CodeIgniter\View\View->CodeIgniter\View\{closure}()
 4 SYSTEMPATH\View\View.php(431): CodeIgniter\View\View->render('include/element/sub_navbar', null, true)
 5 APPPATH\Views\HomeView.php(25): CodeIgniter\View\View->include('include/element/sub_navbar')
 6 SYSTEMPATH\View\View.php(213): include('APPPATH\\Views\\HomeView.php')
 7 SYSTEMPATH\View\View.php(216): CodeIgniter\View\View->CodeIgniter\View\{closure}()
 8 SYSTEMPATH\Common.php(1134): CodeIgniter\View\View->render('homeview', [], true)
 9 APPPATH\Controllers\Home.php(13): view('homeview')
10 SYSTEMPATH\CodeIgniter.php(927): App\Controllers\Home->home()
11 SYSTEMPATH\CodeIgniter.php(482): CodeIgniter\CodeIgniter->runController(Object(App\Controllers\Home))
12 SYSTEMPATH\CodeIgniter.php(351): CodeIgniter\CodeIgniter->handleRequest(null, Object(Config\Cache), false)
13 FCPATH\index.php(67): CodeIgniter\CodeIgniter->run()
14 SYSTEMPATH\Commands\Server\rewrite.php(46): require_once('FCPATH\\index.php')
CRITICAL - 2022-12-19 18:38:15 --> Undefined variable $login
in APPPATH\Views\include\element\sub_navbar.php on line 6.
 1 APPPATH\Views\include\element\sub_navbar.php(6): CodeIgniter\Debug\Exceptions->errorHandler(2, 'Undefined variable $login', 'APPPATH\\Views\\include\\element\\sub_navbar.php', 6)
 2 SYSTEMPATH\View\View.php(213): include('APPPATH\\Views\\include\\element\\sub_navbar.php')
 3 SYSTEMPATH\View\View.php(216): CodeIgniter\View\View->CodeIgniter\View\{closure}()
 4 SYSTEMPATH\View\View.php(431): CodeIgniter\View\View->render('include/element/sub_navbar', null, true)
 5 APPPATH\Views\HomeView.php(25): CodeIgniter\View\View->include('include/element/sub_navbar')
 6 SYSTEMPATH\View\View.php(213): include('APPPATH\\Views\\HomeView.php')
 7 SYSTEMPATH\View\View.php(216): CodeIgniter\View\View->CodeIgniter\View\{closure}()
 8 SYSTEMPATH\Common.php(1134): CodeIgniter\View\View->render('homeview', [], true)
 9 APPPATH\Controllers\Home.php(13): view('homeview')
10 SYSTEMPATH\CodeIgniter.php(927): App\Controllers\Home->home()
11 SYSTEMPATH\CodeIgniter.php(482): CodeIgniter\CodeIgniter->runController(Object(App\Controllers\Home))
12 SYSTEMPATH\CodeIgniter.php(351): CodeIgniter\CodeIgniter->handleRequest(null, Object(Config\Cache), false)
13 FCPATH\index.php(67): CodeIgniter\CodeIgniter->run()
14 SYSTEMPATH\Commands\Server\rewrite.php(46): require_once('FCPATH\\index.php')
CRITICAL - 2022-12-19 18:38:38 --> Undefined variable $login
in APPPATH\Views\include\element\sub_navbar.php on line 6.
 1 APPPATH\Views\include\element\sub_navbar.php(6): CodeIgniter\Debug\Exceptions->errorHandler(2, 'Undefined variable $login', 'APPPATH\\Views\\include\\element\\sub_navbar.php', 6)
 2 SYSTEMPATH\View\View.php(213): include('APPPATH\\Views\\include\\element\\sub_navbar.php')
 3 SYSTEMPATH\View\View.php(216): CodeIgniter\View\View->CodeIgniter\View\{closure}()
 4 SYSTEMPATH\View\View.php(431): CodeIgniter\View\View->render('include/element/sub_navbar', null, true)
 5 APPPATH\Views\CartView.php(20): CodeIgniter\View\View->include('include/element/sub_navbar')
 6 SYSTEMPATH\View\View.php(213): include('APPPATH\\Views\\CartView.php')
 7 SYSTEMPATH\View\View.php(216): CodeIgniter\View\View->CodeIgniter\View\{closure}()
 8 SYSTEMPATH\Common.php(1134): CodeIgniter\View\View->render('cartview', [], true)
 9 APPPATH\Controllers\Cart.php(16): view('cartview')
10 SYSTEMPATH\CodeIgniter.php(927): App\Controllers\Cart->cart()
11 SYSTEMPATH\CodeIgniter.php(482): CodeIgniter\CodeIgniter->runController(Object(App\Controllers\Cart))
12 SYSTEMPATH\CodeIgniter.php(351): CodeIgniter\CodeIgniter->handleRequest(null, Object(Config\Cache), false)
13 FCPATH\index.php(67): CodeIgniter\CodeIgniter->run()
14 SYSTEMPATH\Commands\Server\rewrite.php(46): require_once('FCPATH\\index.php')
CRITICAL - 2022-12-19 18:46:36 --> Call to undefined method App\Models\AuthModel::cleanValidationRules
in SYSTEMPATH\Model.php on line 774.
 1 APPPATH\Controllers\Auth.php(55): CodeIgniter\Model->__call('cleanValidationRules', [...])
 2 SYSTEMPATH\CodeIgniter.php(927): App\Controllers\Auth->validateReg()
 3 SYSTEMPATH\CodeIgniter.php(482): CodeIgniter\CodeIgniter->runController(Object(App\Controllers\Auth))
 4 SYSTEMPATH\CodeIgniter.php(351): CodeIgniter\CodeIgniter->handleRequest(null, Object(Config\Cache), false)
 5 FCPATH\index.php(67): CodeIgniter\CodeIgniter->run()
 6 SYSTEMPATH\Commands\Server\rewrite.php(46): require_once('FCPATH\\index.php')
CRITICAL - 2022-12-19 19:05:24 --> Undefined array key "password"
in APPPATH\Models\AuthModel.php on line 50.
 1 APPPATH\Models\AuthModel.php(50): CodeIgniter\Debug\Exceptions->errorHandler(2, 'Undefined array key "password"', 'APPPATH\\Models\\AuthModel.php', 50)
 2 SYSTEMPATH\BaseModel.php(1480): App\Models\AuthModel->beforeInsert([...])
 3 SYSTEMPATH\BaseModel.php(759): CodeIgniter\BaseModel->trigger('afterInsert', [...])
 4 SYSTEMPATH\Model.php(667): CodeIgniter\BaseModel->insert([...], true)
 5 APPPATH\Controllers\Auth.php(62): CodeIgniter\Model->insert([...])
 6 SYSTEMPATH\CodeIgniter.php(927): App\Controllers\Auth->validateReg()
 7 SYSTEMPATH\CodeIgniter.php(482): CodeIgniter\CodeIgniter->runController(Object(App\Controllers\Auth))
 8 SYSTEMPATH\CodeIgniter.php(351): CodeIgniter\CodeIgniter->handleRequest(null, Object(Config\Cache), false)
 9 FCPATH\index.php(67): CodeIgniter\CodeIgniter->run()
10 SYSTEMPATH\Commands\Server\rewrite.php(46): require_once('FCPATH\\index.php')
