CRITICAL - 2022-12-25 09:56:06 --> Call to undefined method CodeIgniter\Database\MySQLi\Result::getRusltArray()
in APPPATH\Models\UserAddressModel.php on line 67.
 1 APPPATH\Controllers\Address.php(57): App\Models\UserAddressModel->is_unique([...])
 2 SYSTEMPATH\CodeIgniter.php(927): App\Controllers\Address->address_insert()
 3 SYSTEMPATH\CodeIgniter.php(482): CodeIgniter\CodeIgniter->runController(Object(App\Controllers\Address))
 4 SYSTEMPATH\CodeIgniter.php(351): CodeIgniter\CodeIgniter->handleRequest(null, Object(Config\Cache), false)
 5 FCPATH\index.php(67): CodeIgniter\CodeIgniter->run()
 6 SYSTEMPATH\Commands\Server\rewrite.php(46): require_once('FCPATH\\index.php')
CRITICAL - 2022-12-25 09:58:13 --> syntax error, unexpected token "else"
in APPPATH\Controllers\Address.php on line 77.
 1 SYSTEMPATH\Autoloader\Autoloader.php(259): CodeIgniter\Autoloader\Autoloader->includeFile('APPPATH\\Controllers\\Address.php')
 2 SYSTEMPATH\Autoloader\Autoloader.php(237): CodeIgniter\Autoloader\Autoloader->loadInNamespace('App\\Controllers\\Address')
 3 [internal function]: CodeIgniter\Autoloader\Autoloader->loadClass('App\\Controllers\\Address')
 4 SYSTEMPATH\CodeIgniter.php(877): class_exists('\\App\\Controllers\\Address', true)
 5 SYSTEMPATH\CodeIgniter.php(469): CodeIgniter\CodeIgniter->startController()
 6 SYSTEMPATH\CodeIgniter.php(351): CodeIgniter\CodeIgniter->handleRequest(null, Object(Config\Cache), false)
 7 FCPATH\index.php(67): CodeIgniter\CodeIgniter->run()
 8 SYSTEMPATH\Commands\Server\rewrite.php(46): require_once('FCPATH\\index.php')
CRITICAL - 2022-12-25 10:02:29 --> Undefined array key "id"
in APPPATH\Models\UserAddressModel.php on line 69.
 1 APPPATH\Models\UserAddressModel.php(69): CodeIgniter\Debug\Exceptions->errorHandler(2, 'Undefined array key "id"', 'APPPATH\\Models\\UserAddressModel.php', 69)
 2 APPPATH\Controllers\Address.php(57): App\Models\UserAddressModel->is_unique([...])
 3 SYSTEMPATH\CodeIgniter.php(927): App\Controllers\Address->address_insert()
 4 SYSTEMPATH\CodeIgniter.php(482): CodeIgniter\CodeIgniter->runController(Object(App\Controllers\Address))
 5 SYSTEMPATH\CodeIgniter.php(351): CodeIgniter\CodeIgniter->handleRequest(null, Object(Config\Cache), false)
 6 FCPATH\index.php(67): CodeIgniter\CodeIgniter->run()
 7 SYSTEMPATH\Commands\Server\rewrite.php(46): require_once('FCPATH\\index.php')
CRITICAL - 2022-12-25 10:05:18 --> Undefined array key "id"
in APPPATH\Models\UserAddressModel.php on line 70.
 1 APPPATH\Models\UserAddressModel.php(70): CodeIgniter\Debug\Exceptions->errorHandler(2, 'Undefined array key "id"', 'APPPATH\\Models\\UserAddressModel.php', 70)
 2 APPPATH\Controllers\Address.php(57): App\Models\UserAddressModel->is_unique([...])
 3 SYSTEMPATH\CodeIgniter.php(927): App\Controllers\Address->address_insert()
 4 SYSTEMPATH\CodeIgniter.php(482): CodeIgniter\CodeIgniter->runController(Object(App\Controllers\Address))
 5 SYSTEMPATH\CodeIgniter.php(351): CodeIgniter\CodeIgniter->handleRequest(null, Object(Config\Cache), false)
 6 FCPATH\index.php(67): CodeIgniter\CodeIgniter->run()
 7 SYSTEMPATH\Commands\Server\rewrite.php(46): require_once('FCPATH\\index.php')
CRITICAL - 2022-12-25 10:20:16 --> Call to a member function where() on int
in APPPATH\Models\UserAddressModel.php on line 68.
 1 APPPATH\Controllers\Address.php(57): App\Models\UserAddressModel->is_unique([...])
 2 SYSTEMPATH\CodeIgniter.php(927): App\Controllers\Address->address_insert()
 3 SYSTEMPATH\CodeIgniter.php(482): CodeIgniter\CodeIgniter->runController(Object(App\Controllers\Address))
 4 SYSTEMPATH\CodeIgniter.php(351): CodeIgniter\CodeIgniter->handleRequest(null, Object(Config\Cache), false)
 5 FCPATH\index.php(67): CodeIgniter\CodeIgniter->run()
 6 SYSTEMPATH\Commands\Server\rewrite.php(46): require_once('FCPATH\\index.php')
CRITICAL - 2022-12-25 10:20:52 --> Call to a member function find() on int
in APPPATH\Models\UserAddressModel.php on line 68.
 1 APPPATH\Controllers\Address.php(57): App\Models\UserAddressModel->is_unique([...])
 2 SYSTEMPATH\CodeIgniter.php(927): App\Controllers\Address->address_insert()
 3 SYSTEMPATH\CodeIgniter.php(482): CodeIgniter\CodeIgniter->runController(Object(App\Controllers\Address))
 4 SYSTEMPATH\CodeIgniter.php(351): CodeIgniter\CodeIgniter->handleRequest(null, Object(Config\Cache), false)
 5 FCPATH\index.php(67): CodeIgniter\CodeIgniter->run()
 6 SYSTEMPATH\Commands\Server\rewrite.php(46): require_once('FCPATH\\index.php')
CRITICAL - 2022-12-25 10:23:58 --> Undefined array key "id"
in APPPATH\Controllers\Address.php on line 69.
 1 APPPATH\Controllers\Address.php(69): CodeIgniter\Debug\Exceptions->errorHandler(2, 'Undefined array key "id"', 'APPPATH\\Controllers\\Address.php', 69)
 2 SYSTEMPATH\CodeIgniter.php(927): App\Controllers\Address->address_insert()
 3 SYSTEMPATH\CodeIgniter.php(482): CodeIgniter\CodeIgniter->runController(Object(App\Controllers\Address))
 4 SYSTEMPATH\CodeIgniter.php(351): CodeIgniter\CodeIgniter->handleRequest(null, Object(Config\Cache), false)
 5 FCPATH\index.php(67): CodeIgniter\CodeIgniter->run()
 6 SYSTEMPATH\Commands\Server\rewrite.php(46): require_once('FCPATH\\index.php')
CRITICAL - 2022-12-25 10:30:11 --> Undefined array key "id"
in APPPATH\Controllers\Address.php on line 70.
 1 APPPATH\Controllers\Address.php(70): CodeIgniter\Debug\Exceptions->errorHandler(2, 'Undefined array key "id"', 'APPPATH\\Controllers\\Address.php', 70)
 2 SYSTEMPATH\CodeIgniter.php(927): App\Controllers\Address->address_insert()
 3 SYSTEMPATH\CodeIgniter.php(482): CodeIgniter\CodeIgniter->runController(Object(App\Controllers\Address))
 4 SYSTEMPATH\CodeIgniter.php(351): CodeIgniter\CodeIgniter->handleRequest(null, Object(Config\Cache), false)
 5 FCPATH\index.php(67): CodeIgniter\CodeIgniter->run()
 6 SYSTEMPATH\Commands\Server\rewrite.php(46): require_once('FCPATH\\index.php')
CRITICAL - 2022-12-25 19:26:07 --> Undefined array key "addres_id"
in APPPATH\Models\UserAddressModel.php on line 79.
 1 APPPATH\Models\UserAddressModel.php(79): CodeIgniter\Debug\Exceptions->errorHandler(2, 'Undefined array key "addres_id"', 'APPPATH\\Models\\UserAddressModel.php', 79)
 2 APPPATH\Controllers\Address.php(69): App\Models\UserAddressModel->is_unique([...])
 3 SYSTEMPATH\CodeIgniter.php(927): App\Controllers\Address->address_insert()
 4 SYSTEMPATH\CodeIgniter.php(482): CodeIgniter\CodeIgniter->runController(Object(App\Controllers\Address))
 5 SYSTEMPATH\CodeIgniter.php(351): CodeIgniter\CodeIgniter->handleRequest(null, Object(Config\Cache), false)
 6 FCPATH\index.php(67): CodeIgniter\CodeIgniter->run()
 7 SYSTEMPATH\Commands\Server\rewrite.php(46): require_once('FCPATH\\index.php')
CRITICAL - 2022-12-25 19:33:14 --> Undefined array key "addres_id"
in APPPATH\Models\UserAddressModel.php on line 79.
 1 APPPATH\Models\UserAddressModel.php(79): CodeIgniter\Debug\Exceptions->errorHandler(2, 'Undefined array key "addres_id"', 'APPPATH\\Models\\UserAddressModel.php', 79)
 2 APPPATH\Controllers\Address.php(69): App\Models\UserAddressModel->is_unique([...])
 3 SYSTEMPATH\CodeIgniter.php(927): App\Controllers\Address->address_insert()
 4 SYSTEMPATH\CodeIgniter.php(482): CodeIgniter\CodeIgniter->runController(Object(App\Controllers\Address))
 5 SYSTEMPATH\CodeIgniter.php(351): CodeIgniter\CodeIgniter->handleRequest(null, Object(Config\Cache), false)
 6 FCPATH\index.php(67): CodeIgniter\CodeIgniter->run()
 7 SYSTEMPATH\Commands\Server\rewrite.php(46): require_once('FCPATH\\index.php')
CRITICAL - 2022-12-25 19:33:23 --> Undefined array key "addres_id"
in APPPATH\Models\UserAddressModel.php on line 79.
 1 APPPATH\Models\UserAddressModel.php(79): CodeIgniter\Debug\Exceptions->errorHandler(2, 'Undefined array key "addres_id"', 'APPPATH\\Models\\UserAddressModel.php', 79)
 2 APPPATH\Controllers\Address.php(69): App\Models\UserAddressModel->is_unique([...])
 3 SYSTEMPATH\CodeIgniter.php(927): App\Controllers\Address->address_insert()
 4 SYSTEMPATH\CodeIgniter.php(482): CodeIgniter\CodeIgniter->runController(Object(App\Controllers\Address))
 5 SYSTEMPATH\CodeIgniter.php(351): CodeIgniter\CodeIgniter->handleRequest(null, Object(Config\Cache), false)
 6 FCPATH\index.php(67): CodeIgniter\CodeIgniter->run()
 7 SYSTEMPATH\Commands\Server\rewrite.php(46): require_once('FCPATH\\index.php')
CRITICAL - 2022-12-25 20:29:01 --> Cannot redeclare toastNotif() (previously declared in C:\wamp64\www\JetreneEshop\app\Helpers\Form_helper.php:30)
in APPPATH\Helpers\Alert_helper.php on line 1.
 1 [internal function]: CodeIgniter\Debug\Exceptions->shutdownHandler()
