ERROR - 2023-01-18 06:29:24 --> mysqli_sql_exception: Column 'street' cannot be null in C:\wamp64\www\JetreneEshop\vendor\codeigniter4\framework\system\Database\MySQLi\Connection.php:292
Stack trace:
#0 C:\wamp64\www\JetreneEshop\vendor\codeigniter4\framework\system\Database\MySQLi\Connection.php(292): mysqli->query('INSERT INTO `ad...', 0)
#1 C:\wamp64\www\JetreneEshop\vendor\codeigniter4\framework\system\Database\BaseConnection.php(666): CodeIgniter\Database\MySQLi\Connection->execute('INSERT INTO `ad...')
#2 C:\wamp64\www\JetreneEshop\vendor\codeigniter4\framework\system\Database\BaseConnection.php(593): CodeIgniter\Database\BaseConnection->simpleQuery('INSERT INTO `ad...')
#3 C:\wamp64\www\JetreneEshop\vendor\codeigniter4\framework\system\Database\BaseBuilder.php(1916): CodeIgniter\Database\BaseConnection->query('INSERT INTO `ad...', Array, false)
#4 C:\wamp64\www\JetreneEshop\vendor\codeigniter4\framework\system\Model.php(279): CodeIgniter\Database\BaseBuilder->insert()
#5 C:\wamp64\www\JetreneEshop\vendor\codeigniter4\framework\system\BaseModel.php(749): CodeIgniter\Model->doInsert(Array)
#6 C:\wamp64\www\JetreneEshop\vendor\codeigniter4\framework\system\Model.php(667): CodeIgniter\BaseModel->insert(Array, true)
#7 C:\wamp64\www\JetreneEshop\app\Models\UserAddressModel.php(61): CodeIgniter\Model->insert(Array)
#8 C:\wamp64\www\JetreneEshop\app\Controllers\Address.php(59): App\Models\UserAddressModel->is_uniqueInsert(Array)
#9 C:\wamp64\www\JetreneEshop\vendor\codeigniter4\framework\system\CodeIgniter.php(927): App\Controllers\Address->address_insert()
#10 C:\wamp64\www\JetreneEshop\vendor\codeigniter4\framework\system\CodeIgniter.php(482): CodeIgniter\CodeIgniter->runController(Object(App\Controllers\Address))
#11 C:\wamp64\www\JetreneEshop\vendor\codeigniter4\framework\system\CodeIgniter.php(351): CodeIgniter\CodeIgniter->handleRequest(NULL, Object(Config\Cache), false)
#12 C:\wamp64\www\JetreneEshop\public\index.php(67): CodeIgniter\CodeIgniter->run()
#13 C:\wamp64\www\JetreneEshop\vendor\codeigniter4\framework\system\Commands\Server\rewrite.php(46): require_once('C:\\wamp64\\www\\J...')
#14 {main}
CRITICAL - 2023-01-18 06:29:24 --> Undefined array key 0
in APPPATH\Controllers\Address.php on line 65.
 1 APPPATH\Controllers\Address.php(65): CodeIgniter\Debug\Exceptions->errorHandler(2, 'Undefined array key 0', 'APPPATH\\Controllers\\Address.php', 65)
 2 SYSTEMPATH\CodeIgniter.php(927): App\Controllers\Address->address_insert()
 3 SYSTEMPATH\CodeIgniter.php(482): CodeIgniter\CodeIgniter->runController(Object(App\Controllers\Address))
 4 SYSTEMPATH\CodeIgniter.php(351): CodeIgniter\CodeIgniter->handleRequest(null, Object(Config\Cache), false)
 5 FCPATH\index.php(67): CodeIgniter\CodeIgniter->run()
 6 SYSTEMPATH\Commands\Server\rewrite.php(46): require_once('FCPATH\\index.php')
ERROR - 2023-01-18 06:50:53 --> mysqli_sql_exception: Duplicate entry '1-1' for key 'user_id_2' in C:\wamp64\www\JetreneEshop\vendor\codeigniter4\framework\system\Database\MySQLi\Connection.php:292
Stack trace:
#0 C:\wamp64\www\JetreneEshop\vendor\codeigniter4\framework\system\Database\MySQLi\Connection.php(292): mysqli->query('INSERT INTO `us...', 0)
#1 C:\wamp64\www\JetreneEshop\vendor\codeigniter4\framework\system\Database\BaseConnection.php(666): CodeIgniter\Database\MySQLi\Connection->execute('INSERT INTO `us...')
#2 C:\wamp64\www\JetreneEshop\vendor\codeigniter4\framework\system\Database\BaseConnection.php(593): CodeIgniter\Database\BaseConnection->simpleQuery('INSERT INTO `us...')
#3 C:\wamp64\www\JetreneEshop\vendor\codeigniter4\framework\system\Database\BaseBuilder.php(1916): CodeIgniter\Database\BaseConnection->query('INSERT INTO `us...', Array, false)
#4 C:\wamp64\www\JetreneEshop\vendor\codeigniter4\framework\system\Model.php(279): CodeIgniter\Database\BaseBuilder->insert()
#5 C:\wamp64\www\JetreneEshop\vendor\codeigniter4\framework\system\BaseModel.php(749): CodeIgniter\Model->doInsert(Array)
#6 C:\wamp64\www\JetreneEshop\vendor\codeigniter4\framework\system\Model.php(667): CodeIgniter\BaseModel->insert(Array, true)
#7 C:\wamp64\www\JetreneEshop\app\Controllers\Address.php(70): CodeIgniter\Model->insert(Array)
#8 C:\wamp64\www\JetreneEshop\vendor\codeigniter4\framework\system\CodeIgniter.php(927): App\Controllers\Address->address_insert()
#9 C:\wamp64\www\JetreneEshop\vendor\codeigniter4\framework\system\CodeIgniter.php(482): CodeIgniter\CodeIgniter->runController(Object(App\Controllers\Address))
#10 C:\wamp64\www\JetreneEshop\vendor\codeigniter4\framework\system\CodeIgniter.php(351): CodeIgniter\CodeIgniter->handleRequest(NULL, Object(Config\Cache), false)
#11 C:\wamp64\www\JetreneEshop\public\index.php(67): CodeIgniter\CodeIgniter->run()
#12 C:\wamp64\www\JetreneEshop\vendor\codeigniter4\framework\system\Commands\Server\rewrite.php(46): require_once('C:\\wamp64\\www\\J...')
#13 {main}
ERROR - 2023-01-18 06:57:22 --> mysqli_sql_exception: Duplicate entry '1-1' for key 'user_id_2' in C:\wamp64\www\JetreneEshop\vendor\codeigniter4\framework\system\Database\MySQLi\Connection.php:292
Stack trace:
#0 C:\wamp64\www\JetreneEshop\vendor\codeigniter4\framework\system\Database\MySQLi\Connection.php(292): mysqli->query('INSERT INTO `us...', 0)
#1 C:\wamp64\www\JetreneEshop\vendor\codeigniter4\framework\system\Database\BaseConnection.php(666): CodeIgniter\Database\MySQLi\Connection->execute('INSERT INTO `us...')
#2 C:\wamp64\www\JetreneEshop\vendor\codeigniter4\framework\system\Database\BaseConnection.php(593): CodeIgniter\Database\BaseConnection->simpleQuery('INSERT INTO `us...')
#3 C:\wamp64\www\JetreneEshop\vendor\codeigniter4\framework\system\Database\BaseBuilder.php(1916): CodeIgniter\Database\BaseConnection->query('INSERT INTO `us...', Array, false)
#4 C:\wamp64\www\JetreneEshop\vendor\codeigniter4\framework\system\Model.php(279): CodeIgniter\Database\BaseBuilder->insert()
#5 C:\wamp64\www\JetreneEshop\vendor\codeigniter4\framework\system\BaseModel.php(749): CodeIgniter\Model->doInsert(Array)
#6 C:\wamp64\www\JetreneEshop\vendor\codeigniter4\framework\system\Model.php(667): CodeIgniter\BaseModel->insert(Array, true)
#7 C:\wamp64\www\JetreneEshop\app\Controllers\Address.php(70): CodeIgniter\Model->insert(Array)
#8 C:\wamp64\www\JetreneEshop\vendor\codeigniter4\framework\system\CodeIgniter.php(927): App\Controllers\Address->address_insert()
#9 C:\wamp64\www\JetreneEshop\vendor\codeigniter4\framework\system\CodeIgniter.php(482): CodeIgniter\CodeIgniter->runController(Object(App\Controllers\Address))
#10 C:\wamp64\www\JetreneEshop\vendor\codeigniter4\framework\system\CodeIgniter.php(351): CodeIgniter\CodeIgniter->handleRequest(NULL, Object(Config\Cache), false)
#11 C:\wamp64\www\JetreneEshop\public\index.php(67): CodeIgniter\CodeIgniter->run()
#12 C:\wamp64\www\JetreneEshop\vendor\codeigniter4\framework\system\Commands\Server\rewrite.php(46): require_once('C:\\wamp64\\www\\J...')
#13 {main}
ERROR - 2023-01-18 07:02:46 --> mysqli_sql_exception: Duplicate entry '1-1' for key 'user_id_2' in C:\wamp64\www\JetreneEshop\vendor\codeigniter4\framework\system\Database\MySQLi\Connection.php:292
Stack trace:
#0 C:\wamp64\www\JetreneEshop\vendor\codeigniter4\framework\system\Database\MySQLi\Connection.php(292): mysqli->query('INSERT INTO `us...', 0)
#1 C:\wamp64\www\JetreneEshop\vendor\codeigniter4\framework\system\Database\BaseConnection.php(666): CodeIgniter\Database\MySQLi\Connection->execute('INSERT INTO `us...')
#2 C:\wamp64\www\JetreneEshop\vendor\codeigniter4\framework\system\Database\BaseConnection.php(593): CodeIgniter\Database\BaseConnection->simpleQuery('INSERT INTO `us...')
#3 C:\wamp64\www\JetreneEshop\vendor\codeigniter4\framework\system\Database\BaseBuilder.php(1916): CodeIgniter\Database\BaseConnection->query('INSERT INTO `us...', Array, false)
#4 C:\wamp64\www\JetreneEshop\vendor\codeigniter4\framework\system\Model.php(279): CodeIgniter\Database\BaseBuilder->insert()
#5 C:\wamp64\www\JetreneEshop\vendor\codeigniter4\framework\system\BaseModel.php(749): CodeIgniter\Model->doInsert(Array)
#6 C:\wamp64\www\JetreneEshop\vendor\codeigniter4\framework\system\Model.php(667): CodeIgniter\BaseModel->insert(Array, true)
#7 C:\wamp64\www\JetreneEshop\app\Controllers\Address.php(70): CodeIgniter\Model->insert(Array)
#8 C:\wamp64\www\JetreneEshop\vendor\codeigniter4\framework\system\CodeIgniter.php(927): App\Controllers\Address->address_insert()
#9 C:\wamp64\www\JetreneEshop\vendor\codeigniter4\framework\system\CodeIgniter.php(482): CodeIgniter\CodeIgniter->runController(Object(App\Controllers\Address))
#10 C:\wamp64\www\JetreneEshop\vendor\codeigniter4\framework\system\CodeIgniter.php(351): CodeIgniter\CodeIgniter->handleRequest(NULL, Object(Config\Cache), false)
#11 C:\wamp64\www\JetreneEshop\public\index.php(67): CodeIgniter\CodeIgniter->run()
#12 C:\wamp64\www\JetreneEshop\vendor\codeigniter4\framework\system\Commands\Server\rewrite.php(46): require_once('C:\\wamp64\\www\\J...')
#13 {main}
ERROR - 2023-01-18 07:06:09 --> mysqli_sql_exception: Duplicate entry '1-1' for key 'user_id_2' in C:\wamp64\www\JetreneEshop\vendor\codeigniter4\framework\system\Database\MySQLi\Connection.php:292
Stack trace:
#0 C:\wamp64\www\JetreneEshop\vendor\codeigniter4\framework\system\Database\MySQLi\Connection.php(292): mysqli->query('INSERT INTO `us...', 0)
#1 C:\wamp64\www\JetreneEshop\vendor\codeigniter4\framework\system\Database\BaseConnection.php(666): CodeIgniter\Database\MySQLi\Connection->execute('INSERT INTO `us...')
#2 C:\wamp64\www\JetreneEshop\vendor\codeigniter4\framework\system\Database\BaseConnection.php(593): CodeIgniter\Database\BaseConnection->simpleQuery('INSERT INTO `us...')
#3 C:\wamp64\www\JetreneEshop\vendor\codeigniter4\framework\system\Database\BaseBuilder.php(1916): CodeIgniter\Database\BaseConnection->query('INSERT INTO `us...', Array, false)
#4 C:\wamp64\www\JetreneEshop\vendor\codeigniter4\framework\system\Model.php(279): CodeIgniter\Database\BaseBuilder->insert()
#5 C:\wamp64\www\JetreneEshop\vendor\codeigniter4\framework\system\BaseModel.php(749): CodeIgniter\Model->doInsert(Array)
#6 C:\wamp64\www\JetreneEshop\vendor\codeigniter4\framework\system\Model.php(667): CodeIgniter\BaseModel->insert(Array, true)
#7 C:\wamp64\www\JetreneEshop\app\Controllers\Address.php(70): CodeIgniter\Model->insert(Array)
#8 C:\wamp64\www\JetreneEshop\vendor\codeigniter4\framework\system\CodeIgniter.php(927): App\Controllers\Address->address_insert()
#9 C:\wamp64\www\JetreneEshop\vendor\codeigniter4\framework\system\CodeIgniter.php(482): CodeIgniter\CodeIgniter->runController(Object(App\Controllers\Address))
#10 C:\wamp64\www\JetreneEshop\vendor\codeigniter4\framework\system\CodeIgniter.php(351): CodeIgniter\CodeIgniter->handleRequest(NULL, Object(Config\Cache), false)
#11 C:\wamp64\www\JetreneEshop\public\index.php(67): CodeIgniter\CodeIgniter->run()
#12 C:\wamp64\www\JetreneEshop\vendor\codeigniter4\framework\system\Commands\Server\rewrite.php(46): require_once('C:\\wamp64\\www\\J...')
#13 {main}
ERROR - 2023-01-18 07:10:13 --> mysqli_sql_exception: Duplicate entry '1-1' for key 'user_id_2' in C:\wamp64\www\JetreneEshop\vendor\codeigniter4\framework\system\Database\MySQLi\Connection.php:292
Stack trace:
#0 C:\wamp64\www\JetreneEshop\vendor\codeigniter4\framework\system\Database\MySQLi\Connection.php(292): mysqli->query('INSERT INTO `us...', 0)
#1 C:\wamp64\www\JetreneEshop\vendor\codeigniter4\framework\system\Database\BaseConnection.php(666): CodeIgniter\Database\MySQLi\Connection->execute('INSERT INTO `us...')
#2 C:\wamp64\www\JetreneEshop\vendor\codeigniter4\framework\system\Database\BaseConnection.php(593): CodeIgniter\Database\BaseConnection->simpleQuery('INSERT INTO `us...')
#3 C:\wamp64\www\JetreneEshop\vendor\codeigniter4\framework\system\Database\BaseBuilder.php(1916): CodeIgniter\Database\BaseConnection->query('INSERT INTO `us...', Array, false)
#4 C:\wamp64\www\JetreneEshop\vendor\codeigniter4\framework\system\Model.php(279): CodeIgniter\Database\BaseBuilder->insert()
#5 C:\wamp64\www\JetreneEshop\vendor\codeigniter4\framework\system\BaseModel.php(749): CodeIgniter\Model->doInsert(Array)
#6 C:\wamp64\www\JetreneEshop\vendor\codeigniter4\framework\system\Model.php(667): CodeIgniter\BaseModel->insert(Array, true)
#7 C:\wamp64\www\JetreneEshop\app\Controllers\Address.php(70): CodeIgniter\Model->insert(Array)
#8 C:\wamp64\www\JetreneEshop\vendor\codeigniter4\framework\system\CodeIgniter.php(927): App\Controllers\Address->address_insert()
#9 C:\wamp64\www\JetreneEshop\vendor\codeigniter4\framework\system\CodeIgniter.php(482): CodeIgniter\CodeIgniter->runController(Object(App\Controllers\Address))
#10 C:\wamp64\www\JetreneEshop\vendor\codeigniter4\framework\system\CodeIgniter.php(351): CodeIgniter\CodeIgniter->handleRequest(NULL, Object(Config\Cache), false)
#11 C:\wamp64\www\JetreneEshop\public\index.php(67): CodeIgniter\CodeIgniter->run()
#12 C:\wamp64\www\JetreneEshop\vendor\codeigniter4\framework\system\Commands\Server\rewrite.php(46): require_once('C:\\wamp64\\www\\J...')
#13 {main}
ERROR - 2023-01-18 07:12:42 --> mysqli_sql_exception: Duplicate entry '1-1' for key 'user_id_2' in C:\wamp64\www\JetreneEshop\vendor\codeigniter4\framework\system\Database\MySQLi\Connection.php:292
Stack trace:
#0 C:\wamp64\www\JetreneEshop\vendor\codeigniter4\framework\system\Database\MySQLi\Connection.php(292): mysqli->query('INSERT INTO `us...', 0)
#1 C:\wamp64\www\JetreneEshop\vendor\codeigniter4\framework\system\Database\BaseConnection.php(666): CodeIgniter\Database\MySQLi\Connection->execute('INSERT INTO `us...')
#2 C:\wamp64\www\JetreneEshop\vendor\codeigniter4\framework\system\Database\BaseConnection.php(593): CodeIgniter\Database\BaseConnection->simpleQuery('INSERT INTO `us...')
#3 C:\wamp64\www\JetreneEshop\vendor\codeigniter4\framework\system\Database\BaseBuilder.php(1916): CodeIgniter\Database\BaseConnection->query('INSERT INTO `us...', Array, false)
#4 C:\wamp64\www\JetreneEshop\vendor\codeigniter4\framework\system\Model.php(279): CodeIgniter\Database\BaseBuilder->insert()
#5 C:\wamp64\www\JetreneEshop\vendor\codeigniter4\framework\system\BaseModel.php(749): CodeIgniter\Model->doInsert(Array)
#6 C:\wamp64\www\JetreneEshop\vendor\codeigniter4\framework\system\Model.php(667): CodeIgniter\BaseModel->insert(Array, true)
#7 C:\wamp64\www\JetreneEshop\app\Controllers\Address.php(70): CodeIgniter\Model->insert(Array)
#8 C:\wamp64\www\JetreneEshop\vendor\codeigniter4\framework\system\CodeIgniter.php(927): App\Controllers\Address->address_insert()
#9 C:\wamp64\www\JetreneEshop\vendor\codeigniter4\framework\system\CodeIgniter.php(482): CodeIgniter\CodeIgniter->runController(Object(App\Controllers\Address))
#10 C:\wamp64\www\JetreneEshop\vendor\codeigniter4\framework\system\CodeIgniter.php(351): CodeIgniter\CodeIgniter->handleRequest(NULL, Object(Config\Cache), false)
#11 C:\wamp64\www\JetreneEshop\public\index.php(67): CodeIgniter\CodeIgniter->run()
#12 C:\wamp64\www\JetreneEshop\vendor\codeigniter4\framework\system\Commands\Server\rewrite.php(46): require_once('C:\\wamp64\\www\\J...')
#13 {main}
ERROR - 2023-01-18 07:55:05 --> mysqli_sql_exception: Duplicate entry '1-1' for key 'user_id_2' in C:\wamp64\www\JetreneEshop\vendor\codeigniter4\framework\system\Database\MySQLi\Connection.php:292
Stack trace:
#0 C:\wamp64\www\JetreneEshop\vendor\codeigniter4\framework\system\Database\MySQLi\Connection.php(292): mysqli->query('INSERT INTO `us...', 0)
#1 C:\wamp64\www\JetreneEshop\vendor\codeigniter4\framework\system\Database\BaseConnection.php(666): CodeIgniter\Database\MySQLi\Connection->execute('INSERT INTO `us...')
#2 C:\wamp64\www\JetreneEshop\vendor\codeigniter4\framework\system\Database\BaseConnection.php(593): CodeIgniter\Database\BaseConnection->simpleQuery('INSERT INTO `us...')
#3 C:\wamp64\www\JetreneEshop\vendor\codeigniter4\framework\system\Database\BaseBuilder.php(1916): CodeIgniter\Database\BaseConnection->query('INSERT INTO `us...', Array, false)
#4 C:\wamp64\www\JetreneEshop\vendor\codeigniter4\framework\system\Model.php(279): CodeIgniter\Database\BaseBuilder->insert()
#5 C:\wamp64\www\JetreneEshop\vendor\codeigniter4\framework\system\BaseModel.php(749): CodeIgniter\Model->doInsert(Array)
#6 C:\wamp64\www\JetreneEshop\vendor\codeigniter4\framework\system\Model.php(667): CodeIgniter\BaseModel->insert(Array, true)
#7 C:\wamp64\www\JetreneEshop\app\Controllers\Address.php(71): CodeIgniter\Model->insert(Array)
#8 C:\wamp64\www\JetreneEshop\vendor\codeigniter4\framework\system\CodeIgniter.php(927): App\Controllers\Address->address_insert()
#9 C:\wamp64\www\JetreneEshop\vendor\codeigniter4\framework\system\CodeIgniter.php(482): CodeIgniter\CodeIgniter->runController(Object(App\Controllers\Address))
#10 C:\wamp64\www\JetreneEshop\vendor\codeigniter4\framework\system\CodeIgniter.php(351): CodeIgniter\CodeIgniter->handleRequest(NULL, Object(Config\Cache), false)
#11 C:\wamp64\www\JetreneEshop\public\index.php(67): CodeIgniter\CodeIgniter->run()
#12 C:\wamp64\www\JetreneEshop\vendor\codeigniter4\framework\system\Commands\Server\rewrite.php(46): require_once('C:\\wamp64\\www\\J...')
#13 {main}
ERROR - 2023-01-18 08:02:39 --> mysqli_sql_exception: Duplicate entry '1-1' for key 'user_id_2' in C:\wamp64\www\JetreneEshop\vendor\codeigniter4\framework\system\Database\MySQLi\Connection.php:292
Stack trace:
#0 C:\wamp64\www\JetreneEshop\vendor\codeigniter4\framework\system\Database\MySQLi\Connection.php(292): mysqli->query('INSERT INTO `us...', 0)
#1 C:\wamp64\www\JetreneEshop\vendor\codeigniter4\framework\system\Database\BaseConnection.php(666): CodeIgniter\Database\MySQLi\Connection->execute('INSERT INTO `us...')
#2 C:\wamp64\www\JetreneEshop\vendor\codeigniter4\framework\system\Database\BaseConnection.php(593): CodeIgniter\Database\BaseConnection->simpleQuery('INSERT INTO `us...')
#3 C:\wamp64\www\JetreneEshop\vendor\codeigniter4\framework\system\Database\BaseBuilder.php(1916): CodeIgniter\Database\BaseConnection->query('INSERT INTO `us...', Array, false)
#4 C:\wamp64\www\JetreneEshop\vendor\codeigniter4\framework\system\Model.php(279): CodeIgniter\Database\BaseBuilder->insert()
#5 C:\wamp64\www\JetreneEshop\vendor\codeigniter4\framework\system\BaseModel.php(749): CodeIgniter\Model->doInsert(Array)
#6 C:\wamp64\www\JetreneEshop\vendor\codeigniter4\framework\system\Model.php(667): CodeIgniter\BaseModel->insert(Array, true)
#7 C:\wamp64\www\JetreneEshop\app\Controllers\Address.php(70): CodeIgniter\Model->insert(Array)
#8 C:\wamp64\www\JetreneEshop\vendor\codeigniter4\framework\system\CodeIgniter.php(927): App\Controllers\Address->address_insert()
#9 C:\wamp64\www\JetreneEshop\vendor\codeigniter4\framework\system\CodeIgniter.php(482): CodeIgniter\CodeIgniter->runController(Object(App\Controllers\Address))
#10 C:\wamp64\www\JetreneEshop\vendor\codeigniter4\framework\system\CodeIgniter.php(351): CodeIgniter\CodeIgniter->handleRequest(NULL, Object(Config\Cache), false)
#11 C:\wamp64\www\JetreneEshop\public\index.php(67): CodeIgniter\CodeIgniter->run()
#12 C:\wamp64\www\JetreneEshop\vendor\codeigniter4\framework\system\Commands\Server\rewrite.php(46): require_once('C:\\wamp64\\www\\J...')
#13 {main}
ERROR - 2023-01-18 08:03:26 --> mysqli_sql_exception: Duplicate entry '1-1' for key 'user_id_2' in C:\wamp64\www\JetreneEshop\vendor\codeigniter4\framework\system\Database\MySQLi\Connection.php:292
Stack trace:
#0 C:\wamp64\www\JetreneEshop\vendor\codeigniter4\framework\system\Database\MySQLi\Connection.php(292): mysqli->query('INSERT INTO `us...', 0)
#1 C:\wamp64\www\JetreneEshop\vendor\codeigniter4\framework\system\Database\BaseConnection.php(666): CodeIgniter\Database\MySQLi\Connection->execute('INSERT INTO `us...')
#2 C:\wamp64\www\JetreneEshop\vendor\codeigniter4\framework\system\Database\BaseConnection.php(593): CodeIgniter\Database\BaseConnection->simpleQuery('INSERT INTO `us...')
#3 C:\wamp64\www\JetreneEshop\vendor\codeigniter4\framework\system\Database\BaseBuilder.php(1916): CodeIgniter\Database\BaseConnection->query('INSERT INTO `us...', Array, false)
#4 C:\wamp64\www\JetreneEshop\vendor\codeigniter4\framework\system\Model.php(279): CodeIgniter\Database\BaseBuilder->insert()
#5 C:\wamp64\www\JetreneEshop\vendor\codeigniter4\framework\system\BaseModel.php(749): CodeIgniter\Model->doInsert(Array)
#6 C:\wamp64\www\JetreneEshop\vendor\codeigniter4\framework\system\Model.php(667): CodeIgniter\BaseModel->insert(Array, true)
#7 C:\wamp64\www\JetreneEshop\app\Controllers\Address.php(70): CodeIgniter\Model->insert(Array)
#8 C:\wamp64\www\JetreneEshop\vendor\codeigniter4\framework\system\CodeIgniter.php(927): App\Controllers\Address->address_insert()
#9 C:\wamp64\www\JetreneEshop\vendor\codeigniter4\framework\system\CodeIgniter.php(482): CodeIgniter\CodeIgniter->runController(Object(App\Controllers\Address))
#10 C:\wamp64\www\JetreneEshop\vendor\codeigniter4\framework\system\CodeIgniter.php(351): CodeIgniter\CodeIgniter->handleRequest(NULL, Object(Config\Cache), false)
#11 C:\wamp64\www\JetreneEshop\public\index.php(67): CodeIgniter\CodeIgniter->run()
#12 C:\wamp64\www\JetreneEshop\vendor\codeigniter4\framework\system\Commands\Server\rewrite.php(46): require_once('C:\\wamp64\\www\\J...')
#13 {main}
ERROR - 2023-01-18 08:03:42 --> mysqli_sql_exception: Duplicate entry '1-0' for key 'user_id_2' in C:\wamp64\www\JetreneEshop\vendor\codeigniter4\framework\system\Database\MySQLi\Connection.php:292
Stack trace:
#0 C:\wamp64\www\JetreneEshop\vendor\codeigniter4\framework\system\Database\MySQLi\Connection.php(292): mysqli->query('INSERT INTO `us...', 0)
#1 C:\wamp64\www\JetreneEshop\vendor\codeigniter4\framework\system\Database\BaseConnection.php(666): CodeIgniter\Database\MySQLi\Connection->execute('INSERT INTO `us...')
#2 C:\wamp64\www\JetreneEshop\vendor\codeigniter4\framework\system\Database\BaseConnection.php(593): CodeIgniter\Database\BaseConnection->simpleQuery('INSERT INTO `us...')
#3 C:\wamp64\www\JetreneEshop\vendor\codeigniter4\framework\system\Database\BaseBuilder.php(1916): CodeIgniter\Database\BaseConnection->query('INSERT INTO `us...', Array, false)
#4 C:\wamp64\www\JetreneEshop\vendor\codeigniter4\framework\system\Model.php(279): CodeIgniter\Database\BaseBuilder->insert()
#5 C:\wamp64\www\JetreneEshop\vendor\codeigniter4\framework\system\BaseModel.php(749): CodeIgniter\Model->doInsert(Array)
#6 C:\wamp64\www\JetreneEshop\vendor\codeigniter4\framework\system\Model.php(667): CodeIgniter\BaseModel->insert(Array, true)
#7 C:\wamp64\www\JetreneEshop\app\Controllers\Address.php(70): CodeIgniter\Model->insert(Array)
#8 C:\wamp64\www\JetreneEshop\vendor\codeigniter4\framework\system\CodeIgniter.php(927): App\Controllers\Address->address_insert()
#9 C:\wamp64\www\JetreneEshop\vendor\codeigniter4\framework\system\CodeIgniter.php(482): CodeIgniter\CodeIgniter->runController(Object(App\Controllers\Address))
#10 C:\wamp64\www\JetreneEshop\vendor\codeigniter4\framework\system\CodeIgniter.php(351): CodeIgniter\CodeIgniter->handleRequest(NULL, Object(Config\Cache), false)
#11 C:\wamp64\www\JetreneEshop\public\index.php(67): CodeIgniter\CodeIgniter->run()
#12 C:\wamp64\www\JetreneEshop\vendor\codeigniter4\framework\system\Commands\Server\rewrite.php(46): require_once('C:\\wamp64\\www\\J...')
#13 {main}
ERROR - 2023-01-18 08:05:19 --> mysqli_sql_exception: Duplicate entry '1-0' for key 'user_id_2' in C:\wamp64\www\JetreneEshop\vendor\codeigniter4\framework\system\Database\MySQLi\Connection.php:292
Stack trace:
#0 C:\wamp64\www\JetreneEshop\vendor\codeigniter4\framework\system\Database\MySQLi\Connection.php(292): mysqli->query('INSERT INTO `us...', 0)
#1 C:\wamp64\www\JetreneEshop\vendor\codeigniter4\framework\system\Database\BaseConnection.php(666): CodeIgniter\Database\MySQLi\Connection->execute('INSERT INTO `us...')
#2 C:\wamp64\www\JetreneEshop\vendor\codeigniter4\framework\system\Database\BaseConnection.php(593): CodeIgniter\Database\BaseConnection->simpleQuery('INSERT INTO `us...')
#3 C:\wamp64\www\JetreneEshop\vendor\codeigniter4\framework\system\Database\BaseBuilder.php(1916): CodeIgniter\Database\BaseConnection->query('INSERT INTO `us...', Array, false)
#4 C:\wamp64\www\JetreneEshop\vendor\codeigniter4\framework\system\Model.php(279): CodeIgniter\Database\BaseBuilder->insert()
#5 C:\wamp64\www\JetreneEshop\vendor\codeigniter4\framework\system\BaseModel.php(749): CodeIgniter\Model->doInsert(Array)
#6 C:\wamp64\www\JetreneEshop\vendor\codeigniter4\framework\system\Model.php(667): CodeIgniter\BaseModel->insert(Array, true)
#7 C:\wamp64\www\JetreneEshop\app\Controllers\Address.php(70): CodeIgniter\Model->insert(Array)
#8 C:\wamp64\www\JetreneEshop\vendor\codeigniter4\framework\system\CodeIgniter.php(927): App\Controllers\Address->address_insert()
#9 C:\wamp64\www\JetreneEshop\vendor\codeigniter4\framework\system\CodeIgniter.php(482): CodeIgniter\CodeIgniter->runController(Object(App\Controllers\Address))
#10 C:\wamp64\www\JetreneEshop\vendor\codeigniter4\framework\system\CodeIgniter.php(351): CodeIgniter\CodeIgniter->handleRequest(NULL, Object(Config\Cache), false)
#11 C:\wamp64\www\JetreneEshop\public\index.php(67): CodeIgniter\CodeIgniter->run()
#12 C:\wamp64\www\JetreneEshop\vendor\codeigniter4\framework\system\Commands\Server\rewrite.php(46): require_once('C:\\wamp64\\www\\J...')
#13 {main}
ERROR - 2023-01-18 08:06:27 --> mysqli_sql_exception: Duplicate entry '1-1' for key 'user_id_2' in C:\wamp64\www\JetreneEshop\vendor\codeigniter4\framework\system\Database\MySQLi\Connection.php:292
Stack trace:
#0 C:\wamp64\www\JetreneEshop\vendor\codeigniter4\framework\system\Database\MySQLi\Connection.php(292): mysqli->query('INSERT INTO `us...', 0)
#1 C:\wamp64\www\JetreneEshop\vendor\codeigniter4\framework\system\Database\BaseConnection.php(666): CodeIgniter\Database\MySQLi\Connection->execute('INSERT INTO `us...')
#2 C:\wamp64\www\JetreneEshop\vendor\codeigniter4\framework\system\Database\BaseConnection.php(593): CodeIgniter\Database\BaseConnection->simpleQuery('INSERT INTO `us...')
#3 C:\wamp64\www\JetreneEshop\vendor\codeigniter4\framework\system\Database\BaseBuilder.php(1916): CodeIgniter\Database\BaseConnection->query('INSERT INTO `us...', Array, false)
#4 C:\wamp64\www\JetreneEshop\vendor\codeigniter4\framework\system\Model.php(279): CodeIgniter\Database\BaseBuilder->insert()
#5 C:\wamp64\www\JetreneEshop\vendor\codeigniter4\framework\system\BaseModel.php(749): CodeIgniter\Model->doInsert(Array)
#6 C:\wamp64\www\JetreneEshop\vendor\codeigniter4\framework\system\Model.php(667): CodeIgniter\BaseModel->insert(Array, true)
#7 C:\wamp64\www\JetreneEshop\app\Controllers\Address.php(70): CodeIgniter\Model->insert(Array)
#8 C:\wamp64\www\JetreneEshop\vendor\codeigniter4\framework\system\CodeIgniter.php(927): App\Controllers\Address->address_insert()
#9 C:\wamp64\www\JetreneEshop\vendor\codeigniter4\framework\system\CodeIgniter.php(482): CodeIgniter\CodeIgniter->runController(Object(App\Controllers\Address))
#10 C:\wamp64\www\JetreneEshop\vendor\codeigniter4\framework\system\CodeIgniter.php(351): CodeIgniter\CodeIgniter->handleRequest(NULL, Object(Config\Cache), false)
#11 C:\wamp64\www\JetreneEshop\public\index.php(67): CodeIgniter\CodeIgniter->run()
#12 C:\wamp64\www\JetreneEshop\vendor\codeigniter4\framework\system\Commands\Server\rewrite.php(46): require_once('C:\\wamp64\\www\\J...')
#13 {main}
CRITICAL - 2023-01-18 08:11:23 --> syntax error, unexpected identifier "s", expecting ")"
in APPPATH\Models\UserAddressModel.php on line 91.
 1 SYSTEMPATH\Autoloader\Autoloader.php(259): CodeIgniter\Autoloader\Autoloader->includeFile('APPPATH\\Models\\UserAddressModel.php')
 2 SYSTEMPATH\Autoloader\Autoloader.php(237): CodeIgniter\Autoloader\Autoloader->loadInNamespace('App\\Models\\UserAddressModel')
 3 APPPATH\Controllers\Address.php(18): CodeIgniter\Autoloader\Autoloader->loadClass('App\\Models\\UserAddressModel')
 4 SYSTEMPATH\CodeIgniter.php(889): App\Controllers\Address->__construct()
 5 SYSTEMPATH\CodeIgniter.php(473): CodeIgniter\CodeIgniter->createController()
 6 SYSTEMPATH\CodeIgniter.php(351): CodeIgniter\CodeIgniter->handleRequest(null, Object(Config\Cache), false)
 7 FCPATH\index.php(67): CodeIgniter\CodeIgniter->run()
 8 SYSTEMPATH\Commands\Server\rewrite.php(46): require_once('FCPATH\\index.php')
ERROR - 2023-01-18 08:11:56 --> mysqli_sql_exception: Duplicate entry '1-1' for key 'user_id_2' in C:\wamp64\www\JetreneEshop\vendor\codeigniter4\framework\system\Database\MySQLi\Connection.php:292
Stack trace:
#0 C:\wamp64\www\JetreneEshop\vendor\codeigniter4\framework\system\Database\MySQLi\Connection.php(292): mysqli->query('INSERT INTO `us...', 0)
#1 C:\wamp64\www\JetreneEshop\vendor\codeigniter4\framework\system\Database\BaseConnection.php(666): CodeIgniter\Database\MySQLi\Connection->execute('INSERT INTO `us...')
#2 C:\wamp64\www\JetreneEshop\vendor\codeigniter4\framework\system\Database\BaseConnection.php(593): CodeIgniter\Database\BaseConnection->simpleQuery('INSERT INTO `us...')
#3 C:\wamp64\www\JetreneEshop\vendor\codeigniter4\framework\system\Database\BaseBuilder.php(1916): CodeIgniter\Database\BaseConnection->query('INSERT INTO `us...', Array, false)
#4 C:\wamp64\www\JetreneEshop\vendor\codeigniter4\framework\system\Model.php(279): CodeIgniter\Database\BaseBuilder->insert()
#5 C:\wamp64\www\JetreneEshop\vendor\codeigniter4\framework\system\BaseModel.php(749): CodeIgniter\Model->doInsert(Array)
#6 C:\wamp64\www\JetreneEshop\vendor\codeigniter4\framework\system\Model.php(667): CodeIgniter\BaseModel->insert(Array, true)
#7 C:\wamp64\www\JetreneEshop\app\Controllers\Address.php(70): CodeIgniter\Model->insert(Array)
#8 C:\wamp64\www\JetreneEshop\vendor\codeigniter4\framework\system\CodeIgniter.php(927): App\Controllers\Address->address_insert()
#9 C:\wamp64\www\JetreneEshop\vendor\codeigniter4\framework\system\CodeIgniter.php(482): CodeIgniter\CodeIgniter->runController(Object(App\Controllers\Address))
#10 C:\wamp64\www\JetreneEshop\vendor\codeigniter4\framework\system\CodeIgniter.php(351): CodeIgniter\CodeIgniter->handleRequest(NULL, Object(Config\Cache), false)
#11 C:\wamp64\www\JetreneEshop\public\index.php(67): CodeIgniter\CodeIgniter->run()
#12 C:\wamp64\www\JetreneEshop\vendor\codeigniter4\framework\system\Commands\Server\rewrite.php(46): require_once('C:\\wamp64\\www\\J...')
#13 {main}
ERROR - 2023-01-18 08:27:22 --> mysqli_sql_exception: Duplicate entry '1-1' for key 'user_id_2' in C:\wamp64\www\JetreneEshop\vendor\codeigniter4\framework\system\Database\MySQLi\Connection.php:292
Stack trace:
#0 C:\wamp64\www\JetreneEshop\vendor\codeigniter4\framework\system\Database\MySQLi\Connection.php(292): mysqli->query('INSERT INTO `us...', 0)
#1 C:\wamp64\www\JetreneEshop\vendor\codeigniter4\framework\system\Database\BaseConnection.php(666): CodeIgniter\Database\MySQLi\Connection->execute('INSERT INTO `us...')
#2 C:\wamp64\www\JetreneEshop\vendor\codeigniter4\framework\system\Database\BaseConnection.php(593): CodeIgniter\Database\BaseConnection->simpleQuery('INSERT INTO `us...')
#3 C:\wamp64\www\JetreneEshop\vendor\codeigniter4\framework\system\Database\BaseBuilder.php(1916): CodeIgniter\Database\BaseConnection->query('INSERT INTO `us...', Array, false)
#4 C:\wamp64\www\JetreneEshop\vendor\codeigniter4\framework\system\Model.php(279): CodeIgniter\Database\BaseBuilder->insert()
#5 C:\wamp64\www\JetreneEshop\vendor\codeigniter4\framework\system\BaseModel.php(749): CodeIgniter\Model->doInsert(Array)
#6 C:\wamp64\www\JetreneEshop\vendor\codeigniter4\framework\system\Model.php(667): CodeIgniter\BaseModel->insert(Array, true)
#7 C:\wamp64\www\JetreneEshop\app\Controllers\Address.php(75): CodeIgniter\Model->insert(Array)
#8 C:\wamp64\www\JetreneEshop\vendor\codeigniter4\framework\system\CodeIgniter.php(927): App\Controllers\Address->address_insert()
#9 C:\wamp64\www\JetreneEshop\vendor\codeigniter4\framework\system\CodeIgniter.php(482): CodeIgniter\CodeIgniter->runController(Object(App\Controllers\Address))
#10 C:\wamp64\www\JetreneEshop\vendor\codeigniter4\framework\system\CodeIgniter.php(351): CodeIgniter\CodeIgniter->handleRequest(NULL, Object(Config\Cache), false)
#11 C:\wamp64\www\JetreneEshop\public\index.php(67): CodeIgniter\CodeIgniter->run()
#12 C:\wamp64\www\JetreneEshop\vendor\codeigniter4\framework\system\Commands\Server\rewrite.php(46): require_once('C:\\wamp64\\www\\J...')
#13 {main}
ERROR - 2023-01-18 08:27:44 --> mysqli_sql_exception: Duplicate entry '1-0' for key 'user_id_2' in C:\wamp64\www\JetreneEshop\vendor\codeigniter4\framework\system\Database\MySQLi\Connection.php:292
Stack trace:
#0 C:\wamp64\www\JetreneEshop\vendor\codeigniter4\framework\system\Database\MySQLi\Connection.php(292): mysqli->query('INSERT INTO `us...', 0)
#1 C:\wamp64\www\JetreneEshop\vendor\codeigniter4\framework\system\Database\BaseConnection.php(666): CodeIgniter\Database\MySQLi\Connection->execute('INSERT INTO `us...')
#2 C:\wamp64\www\JetreneEshop\vendor\codeigniter4\framework\system\Database\BaseConnection.php(593): CodeIgniter\Database\BaseConnection->simpleQuery('INSERT INTO `us...')
#3 C:\wamp64\www\JetreneEshop\vendor\codeigniter4\framework\system\Database\BaseBuilder.php(1916): CodeIgniter\Database\BaseConnection->query('INSERT INTO `us...', Array, false)
#4 C:\wamp64\www\JetreneEshop\vendor\codeigniter4\framework\system\Model.php(279): CodeIgniter\Database\BaseBuilder->insert()
#5 C:\wamp64\www\JetreneEshop\vendor\codeigniter4\framework\system\BaseModel.php(749): CodeIgniter\Model->doInsert(Array)
#6 C:\wamp64\www\JetreneEshop\vendor\codeigniter4\framework\system\Model.php(667): CodeIgniter\BaseModel->insert(Array, true)
#7 C:\wamp64\www\JetreneEshop\app\Controllers\Address.php(75): CodeIgniter\Model->insert(Array)
#8 C:\wamp64\www\JetreneEshop\vendor\codeigniter4\framework\system\CodeIgniter.php(927): App\Controllers\Address->address_insert()
#9 C:\wamp64\www\JetreneEshop\vendor\codeigniter4\framework\system\CodeIgniter.php(482): CodeIgniter\CodeIgniter->runController(Object(App\Controllers\Address))
#10 C:\wamp64\www\JetreneEshop\vendor\codeigniter4\framework\system\CodeIgniter.php(351): CodeIgniter\CodeIgniter->handleRequest(NULL, Object(Config\Cache), false)
#11 C:\wamp64\www\JetreneEshop\public\index.php(67): CodeIgniter\CodeIgniter->run()
#12 C:\wamp64\www\JetreneEshop\vendor\codeigniter4\framework\system\Commands\Server\rewrite.php(46): require_once('C:\\wamp64\\www\\J...')
#13 {main}
CRITICAL - 2023-01-18 09:07:48 --> syntax error, unexpected token ";"
in APPPATH\Views\UserDash\AddressView.php on line 127.
 1 SYSTEMPATH\View\View.php(216): CodeIgniter\View\View->CodeIgniter\View\{closure}()
 2 SYSTEMPATH\Common.php(1134): CodeIgniter\View\View->render('UserDash/AddressView', [], true)
 3 APPPATH\Controllers\Address.php(30): view('UserDash/AddressView', [...])
 4 SYSTEMPATH\CodeIgniter.php(927): App\Controllers\Address->address_retrieve()
 5 SYSTEMPATH\CodeIgniter.php(482): CodeIgniter\CodeIgniter->runController(Object(App\Controllers\Address))
 6 SYSTEMPATH\CodeIgniter.php(351): CodeIgniter\CodeIgniter->handleRequest(null, Object(Config\Cache), false)
 7 FCPATH\index.php(67): CodeIgniter\CodeIgniter->run()
 8 SYSTEMPATH\Commands\Server\rewrite.php(46): require_once('FCPATH\\index.php')
