CRITICAL - 2022-12-21 10:05:07 --> syntax error, unexpected end of file
in APPPATH\Views\include\modal\signup_modal.php on line 89.
 1 SYSTEMPATH\View\View.php(216): CodeIgniter\View\View->CodeIgniter\View\{closure}()
 2 SYSTEMPATH\View\View.php(431): CodeIgniter\View\View->render('include/modal/signup_modal', null, true)
 3 APPPATH\Views\ShopView.php(18): CodeIgniter\View\View->include('include/modal/signup_modal')
 4 SYSTEMPATH\View\View.php(213): include('APPPATH\\Views\\ShopView.php')
 5 SYSTEMPATH\View\View.php(216): CodeIgniter\View\View->CodeIgniter\View\{closure}()
 6 SYSTEMPATH\Common.php(1134): CodeIgniter\View\View->render('shopview', [], true)
 7 APPPATH\Controllers\Shop.php(15): view('shopview')
 8 SYSTEMPATH\CodeIgniter.php(927): App\Controllers\Shop->shop()
 9 SYSTEMPATH\CodeIgniter.php(482): CodeIgniter\CodeIgniter->runController(Object(App\Controllers\Shop))
10 SYSTEMPATH\CodeIgniter.php(351): CodeIgniter\CodeIgniter->handleRequest(null, Object(Config\Cache), false)
11 FCPATH\index.php(67): CodeIgniter\CodeIgniter->run()
12 SYSTEMPATH\Commands\Server\rewrite.php(46): require_once('FCPATH\\index.php')
CRITICAL - 2022-12-21 10:12:16 --> Undefined variable $validation
in APPPATH\Views\include\modal\signup_modal.php on line 38.
 1 APPPATH\Views\include\modal\signup_modal.php(38): CodeIgniter\Debug\Exceptions->errorHandler(2, 'Undefined variable $validation', 'APPPATH\\Views\\include\\modal\\signup_modal.php', 38)
 2 SYSTEMPATH\View\View.php(213): include('APPPATH\\Views\\include\\modal\\signup_modal.php')
 3 SYSTEMPATH\View\View.php(216): CodeIgniter\View\View->CodeIgniter\View\{closure}()
 4 SYSTEMPATH\View\View.php(431): CodeIgniter\View\View->render('include/modal/signup_modal', null, true)
 5 APPPATH\Views\ShopView.php(18): CodeIgniter\View\View->include('include/modal/signup_modal')
 6 SYSTEMPATH\View\View.php(213): include('APPPATH\\Views\\ShopView.php')
 7 SYSTEMPATH\View\View.php(216): CodeIgniter\View\View->CodeIgniter\View\{closure}()
 8 SYSTEMPATH\Common.php(1134): CodeIgniter\View\View->render('shopview', [], true)
 9 APPPATH\Controllers\Shop.php(15): view('shopview')
10 SYSTEMPATH\CodeIgniter.php(927): App\Controllers\Shop->shop()
11 SYSTEMPATH\CodeIgniter.php(482): CodeIgniter\CodeIgniter->runController(Object(App\Controllers\Shop))
12 SYSTEMPATH\CodeIgniter.php(351): CodeIgniter\CodeIgniter->handleRequest(null, Object(Config\Cache), false)
13 FCPATH\index.php(67): CodeIgniter\CodeIgniter->run()
14 SYSTEMPATH\Commands\Server\rewrite.php(46): require_once('FCPATH\\index.php')
CRITICAL - 2022-12-21 10:13:55 --> Cannot use isset() on the result of an expression (you can use "null !== expression" instead)
in APPPATH\Views\include\modal\signup_modal.php on line 38.
 1 [internal function]: CodeIgniter\Debug\Exceptions->shutdownHandler()
CRITICAL - 2022-12-21 10:14:23 --> Undefined variable $validation
in APPPATH\Views\include\modal\signup_modal.php on line 38.
 1 APPPATH\Views\include\modal\signup_modal.php(38): CodeIgniter\Debug\Exceptions->errorHandler(2, 'Undefined variable $validation', 'APPPATH\\Views\\include\\modal\\signup_modal.php', 38)
 2 SYSTEMPATH\View\View.php(213): include('APPPATH\\Views\\include\\modal\\signup_modal.php')
 3 SYSTEMPATH\View\View.php(216): CodeIgniter\View\View->CodeIgniter\View\{closure}()
 4 SYSTEMPATH\View\View.php(431): CodeIgniter\View\View->render('include/modal/signup_modal', null, true)
 5 APPPATH\Views\HomeView.php(15): CodeIgniter\View\View->include('include/modal/signup_modal')
 6 SYSTEMPATH\View\View.php(213): include('APPPATH\\Views\\HomeView.php')
 7 SYSTEMPATH\View\View.php(216): CodeIgniter\View\View->CodeIgniter\View\{closure}()
 8 SYSTEMPATH\Common.php(1134): CodeIgniter\View\View->render('homeview', [], true)
 9 APPPATH\Controllers\Home.php(13): view('homeview')
10 SYSTEMPATH\CodeIgniter.php(927): App\Controllers\Home->home()
11 SYSTEMPATH\CodeIgniter.php(482): CodeIgniter\CodeIgniter->runController(Object(App\Controllers\Home))
12 SYSTEMPATH\CodeIgniter.php(351): CodeIgniter\CodeIgniter->handleRequest(null, Object(Config\Cache), false)
13 FCPATH\index.php(67): CodeIgniter\CodeIgniter->run()
14 SYSTEMPATH\Commands\Server\rewrite.php(46): require_once('FCPATH\\index.php')
CRITICAL - 2022-12-21 10:14:25 --> Undefined variable $validation
in APPPATH\Views\include\modal\signup_modal.php on line 38.
 1 APPPATH\Views\include\modal\signup_modal.php(38): CodeIgniter\Debug\Exceptions->errorHandler(2, 'Undefined variable $validation', 'APPPATH\\Views\\include\\modal\\signup_modal.php', 38)
 2 SYSTEMPATH\View\View.php(213): include('APPPATH\\Views\\include\\modal\\signup_modal.php')
 3 SYSTEMPATH\View\View.php(216): CodeIgniter\View\View->CodeIgniter\View\{closure}()
 4 SYSTEMPATH\View\View.php(431): CodeIgniter\View\View->render('include/modal/signup_modal', null, true)
 5 APPPATH\Views\HomeView.php(15): CodeIgniter\View\View->include('include/modal/signup_modal')
 6 SYSTEMPATH\View\View.php(213): include('APPPATH\\Views\\HomeView.php')
 7 SYSTEMPATH\View\View.php(216): CodeIgniter\View\View->CodeIgniter\View\{closure}()
 8 SYSTEMPATH\Common.php(1134): CodeIgniter\View\View->render('homeview', [], true)
 9 APPPATH\Controllers\Home.php(13): view('homeview')
10 SYSTEMPATH\CodeIgniter.php(927): App\Controllers\Home->home()
11 SYSTEMPATH\CodeIgniter.php(482): CodeIgniter\CodeIgniter->runController(Object(App\Controllers\Home))
12 SYSTEMPATH\CodeIgniter.php(351): CodeIgniter\CodeIgniter->handleRequest(null, Object(Config\Cache), false)
13 FCPATH\index.php(67): CodeIgniter\CodeIgniter->run()
14 SYSTEMPATH\Commands\Server\rewrite.php(46): require_once('FCPATH\\index.php')
CRITICAL - 2022-12-21 11:38:20 --> syntax error, unexpected token ";", expecting "]"
in APPPATH\Models\AuthModel.php on line 49.
 1 SYSTEMPATH\Autoloader\Autoloader.php(259): CodeIgniter\Autoloader\Autoloader->includeFile('APPPATH\\Models\\AuthModel.php')
 2 SYSTEMPATH\Autoloader\Autoloader.php(237): CodeIgniter\Autoloader\Autoloader->loadInNamespace('App\\Models\\AuthModel')
 3 APPPATH\Controllers\Auth.php(15): CodeIgniter\Autoloader\Autoloader->loadClass('App\\Models\\AuthModel')
 4 SYSTEMPATH\CodeIgniter.php(889): App\Controllers\Auth->__construct()
 5 SYSTEMPATH\CodeIgniter.php(473): CodeIgniter\CodeIgniter->createController()
 6 SYSTEMPATH\CodeIgniter.php(351): CodeIgniter\CodeIgniter->handleRequest(null, Object(Config\Cache), false)
 7 FCPATH\index.php(67): CodeIgniter\CodeIgniter->run()
 8 SYSTEMPATH\Commands\Server\rewrite.php(46): require_once('FCPATH\\index.php')
CRITICAL - 2022-12-21 11:38:36 --> Cannot use object of type CodeIgniter\Validation\Validation as array
in APPPATH\Helpers\Form_helper.php on line 10.
 1 APPPATH\Views\include\modal\signup_modal.php(63): display_error(Object(CodeIgniter\Validation\Validation), 'email')
 2 SYSTEMPATH\View\View.php(213): include('APPPATH\\Views\\include\\modal\\signup_modal.php')
 3 SYSTEMPATH\View\View.php(216): CodeIgniter\View\View->CodeIgniter\View\{closure}()
 4 SYSTEMPATH\View\View.php(431): CodeIgniter\View\View->render('include/modal/signup_modal', null, true)
 5 APPPATH\Views\HomeView.php(15): CodeIgniter\View\View->include('include/modal/signup_modal')
 6 SYSTEMPATH\View\View.php(213): include('APPPATH\\Views\\HomeView.php')
 7 SYSTEMPATH\View\View.php(216): CodeIgniter\View\View->CodeIgniter\View\{closure}()
 8 SYSTEMPATH\Common.php(1134): CodeIgniter\View\View->render('Homeview', [], true)
 9 APPPATH\Controllers\Auth.php(33): view('Homeview', [...])
10 SYSTEMPATH\CodeIgniter.php(927): App\Controllers\Auth->authLogin()
11 SYSTEMPATH\CodeIgniter.php(482): CodeIgniter\CodeIgniter->runController(Object(App\Controllers\Auth))
12 SYSTEMPATH\CodeIgniter.php(351): CodeIgniter\CodeIgniter->handleRequest(null, Object(Config\Cache), false)
13 FCPATH\index.php(67): CodeIgniter\CodeIgniter->run()
14 SYSTEMPATH\Commands\Server\rewrite.php(46): require_once('FCPATH\\index.php')
CRITICAL - 2022-12-21 11:55:06 --> Attempt to read property "errno" on bool
in SYSTEMPATH\Database\MySQLi\Connection.php on line 561.
 1 SYSTEMPATH\Database\MySQLi\Connection.php(561): CodeIgniter\Debug\Exceptions->errorHandler(2, 'Attempt to read property "errno" on bool', 'SYSTEMPATH\\Database\\MySQLi\\Connection.php', 561)
 2 SYSTEMPATH\Model.php(453): CodeIgniter\Database\MySQLi\Connection->error()
 3 SYSTEMPATH\BaseModel.php(1080): CodeIgniter\Model->doErrors()
 4 APPPATH\Controllers\Auth.php(35): CodeIgniter\BaseModel->errors()
 5 SYSTEMPATH\CodeIgniter.php(927): App\Controllers\Auth->authLogin()
 6 SYSTEMPATH\CodeIgniter.php(482): CodeIgniter\CodeIgniter->runController(Object(App\Controllers\Auth))
 7 SYSTEMPATH\CodeIgniter.php(351): CodeIgniter\CodeIgniter->handleRequest(null, Object(Config\Cache), false)
 8 FCPATH\index.php(67): CodeIgniter\CodeIgniter->run()
 9 SYSTEMPATH\Commands\Server\rewrite.php(46): require_once('FCPATH\\index.php')
CRITICAL - 2022-12-21 11:55:33 --> Attempt to read property "errno" on bool
in SYSTEMPATH\Database\MySQLi\Connection.php on line 561.
 1 SYSTEMPATH\Database\MySQLi\Connection.php(561): CodeIgniter\Debug\Exceptions->errorHandler(2, 'Attempt to read property "errno" on bool', 'SYSTEMPATH\\Database\\MySQLi\\Connection.php', 561)
 2 SYSTEMPATH\Model.php(453): CodeIgniter\Database\MySQLi\Connection->error()
 3 SYSTEMPATH\BaseModel.php(1080): CodeIgniter\Model->doErrors()
 4 APPPATH\Controllers\Auth.php(35): CodeIgniter\BaseModel->errors()
 5 SYSTEMPATH\CodeIgniter.php(927): App\Controllers\Auth->authLogin()
 6 SYSTEMPATH\CodeIgniter.php(482): CodeIgniter\CodeIgniter->runController(Object(App\Controllers\Auth))
 7 SYSTEMPATH\CodeIgniter.php(351): CodeIgniter\CodeIgniter->handleRequest(null, Object(Config\Cache), false)
 8 FCPATH\index.php(67): CodeIgniter\CodeIgniter->run()
 9 SYSTEMPATH\Commands\Server\rewrite.php(46): require_once('FCPATH\\index.php')
CRITICAL - 2022-12-21 12:21:03 --> required|min_length is not a valid rule.
in SYSTEMPATH\Validation\Validation.php on line 323.
 1 SYSTEMPATH\Validation\Validation.php(323): CodeIgniter\Validation\Exceptions\ValidationException::forRuleNotFound('required|min_length')
 2 SYSTEMPATH\Validation\Validation.php(175): CodeIgniter\Validation\Validation->processRules('password', 'password', 'asdaasdasdadada', [...], [...])
 3 SYSTEMPATH\Controller.php(140): CodeIgniter\Validation\Validation->run()
 4 APPPATH\Controllers\Auth.php(30): CodeIgniter\Controller->validate([...])
 5 SYSTEMPATH\CodeIgniter.php(927): App\Controllers\Auth->authLogin()
 6 SYSTEMPATH\CodeIgniter.php(482): CodeIgniter\CodeIgniter->runController(Object(App\Controllers\Auth))
 7 SYSTEMPATH\CodeIgniter.php(351): CodeIgniter\CodeIgniter->handleRequest(null, Object(Config\Cache), false)
 8 FCPATH\index.php(67): CodeIgniter\CodeIgniter->run()
 9 SYSTEMPATH\Commands\Server\rewrite.php(46): require_once('FCPATH\\index.php')
CRITICAL - 2022-12-21 12:22:48 --> Cannot use object of type CodeIgniter\Validation\Validation as array
in APPPATH\Helpers\Form_helper.php on line 10.
 1 APPPATH\Views\include\modal\signup_modal.php(38): display_error(Object(CodeIgniter\Validation\Validation), 'logEmail')
 2 SYSTEMPATH\View\View.php(213): include('APPPATH\\Views\\include\\modal\\signup_modal.php')
 3 SYSTEMPATH\View\View.php(216): CodeIgniter\View\View->CodeIgniter\View\{closure}()
 4 SYSTEMPATH\View\View.php(431): CodeIgniter\View\View->render('include/modal/signup_modal', null, true)
 5 APPPATH\Views\HomeView.php(15): CodeIgniter\View\View->include('include/modal/signup_modal')
 6 SYSTEMPATH\View\View.php(213): include('APPPATH\\Views\\HomeView.php')
 7 SYSTEMPATH\View\View.php(216): CodeIgniter\View\View->CodeIgniter\View\{closure}()
 8 SYSTEMPATH\Common.php(1134): CodeIgniter\View\View->render('Homeview', [], true)
 9 APPPATH\Controllers\Auth.php(33): view('Homeview', [...])
10 SYSTEMPATH\CodeIgniter.php(927): App\Controllers\Auth->authLogin()
11 SYSTEMPATH\CodeIgniter.php(482): CodeIgniter\CodeIgniter->runController(Object(App\Controllers\Auth))
12 SYSTEMPATH\CodeIgniter.php(351): CodeIgniter\CodeIgniter->handleRequest(null, Object(Config\Cache), false)
13 FCPATH\index.php(67): CodeIgniter\CodeIgniter->run()
14 SYSTEMPATH\Commands\Server\rewrite.php(46): require_once('FCPATH\\index.php')
CRITICAL - 2022-12-21 12:46:38 --> afterFind is not a valid Model Event callback.
in SYSTEMPATH\BaseModel.php on line 1477.
 1 SYSTEMPATH\BaseModel.php(1477): CodeIgniter\Database\Exceptions\DataException::forInvalidMethodTriggered('afterFind')
 2 SYSTEMPATH\BaseModel.php(514): CodeIgniter\BaseModel->trigger('beforeFind', [...])
 3 APPPATH\Controllers\Auth.php(41): CodeIgniter\BaseModel->find()
 4 SYSTEMPATH\CodeIgniter.php(927): App\Controllers\Auth->authLogin()
 5 SYSTEMPATH\CodeIgniter.php(482): CodeIgniter\CodeIgniter->runController(Object(App\Controllers\Auth))
 6 SYSTEMPATH\CodeIgniter.php(351): CodeIgniter\CodeIgniter->handleRequest(null, Object(Config\Cache), false)
 7 FCPATH\index.php(67): CodeIgniter\CodeIgniter->run()
 8 SYSTEMPATH\Commands\Server\rewrite.php(46): require_once('FCPATH\\index.php')
CRITICAL - 2022-12-21 12:50:46 --> Undefined array key "email"
in APPPATH\Helpers\Form_helper.php on line 4.
 1 APPPATH\Helpers\Form_helper.php(4): CodeIgniter\Debug\Exceptions->errorHandler(2, 'Undefined array key "email"', 'APPPATH\\Helpers\\Form_helper.php', 4)
 2 APPPATH\Views\include\modal\signup_modal.php(63): display_error([...], 'email')
 3 SYSTEMPATH\View\View.php(213): include('APPPATH\\Views\\include\\modal\\signup_modal.php')
 4 SYSTEMPATH\View\View.php(216): CodeIgniter\View\View->CodeIgniter\View\{closure}()
 5 SYSTEMPATH\View\View.php(431): CodeIgniter\View\View->render('include/modal/signup_modal', null, true)
 6 APPPATH\Views\HomeView.php(15): CodeIgniter\View\View->include('include/modal/signup_modal')
 7 SYSTEMPATH\View\View.php(213): include('APPPATH\\Views\\HomeView.php')
 8 SYSTEMPATH\View\View.php(216): CodeIgniter\View\View->CodeIgniter\View\{closure}()
 9 SYSTEMPATH\Common.php(1134): CodeIgniter\View\View->render('Homeview', [], true)
10 APPPATH\Controllers\Auth.php(97): view('Homeview', [...])
11 SYSTEMPATH\CodeIgniter.php(927): App\Controllers\Auth->validateReg()
12 SYSTEMPATH\CodeIgniter.php(482): CodeIgniter\CodeIgniter->runController(Object(App\Controllers\Auth))
13 SYSTEMPATH\CodeIgniter.php(351): CodeIgniter\CodeIgniter->handleRequest(null, Object(Config\Cache), false)
14 FCPATH\index.php(67): CodeIgniter\CodeIgniter->run()
15 SYSTEMPATH\Commands\Server\rewrite.php(46): require_once('FCPATH\\index.php')
CRITICAL - 2022-12-21 12:54:25 --> Array callback must have exactly two elements
in APPPATH\Helpers\Form_helper.php on line 4.
 1 APPPATH\Views\include\modal\signup_modal.php(63): display_error([...], 'email')
 2 SYSTEMPATH\View\View.php(213): include('APPPATH\\Views\\include\\modal\\signup_modal.php')
 3 SYSTEMPATH\View\View.php(216): CodeIgniter\View\View->CodeIgniter\View\{closure}()
 4 SYSTEMPATH\View\View.php(431): CodeIgniter\View\View->render('include/modal/signup_modal', null, true)
 5 APPPATH\Views\HomeView.php(15): CodeIgniter\View\View->include('include/modal/signup_modal')
 6 SYSTEMPATH\View\View.php(213): include('APPPATH\\Views\\HomeView.php')
 7 SYSTEMPATH\View\View.php(216): CodeIgniter\View\View->CodeIgniter\View\{closure}()
 8 SYSTEMPATH\Common.php(1134): CodeIgniter\View\View->render('Homeview', [], true)
 9 APPPATH\Controllers\Auth.php(97): view('Homeview', [...])
10 SYSTEMPATH\CodeIgniter.php(927): App\Controllers\Auth->validateReg()
11 SYSTEMPATH\CodeIgniter.php(482): CodeIgniter\CodeIgniter->runController(Object(App\Controllers\Auth))
12 SYSTEMPATH\CodeIgniter.php(351): CodeIgniter\CodeIgniter->handleRequest(null, Object(Config\Cache), false)
13 FCPATH\index.php(67): CodeIgniter\CodeIgniter->run()
14 SYSTEMPATH\Commands\Server\rewrite.php(46): require_once('FCPATH\\index.php')
CRITICAL - 2022-12-21 12:57:36 --> Undefined array key "email"
in APPPATH\Helpers\Form_helper.php on line 4.
 1 APPPATH\Helpers\Form_helper.php(4): CodeIgniter\Debug\Exceptions->errorHandler(2, 'Undefined array key "email"', 'APPPATH\\Helpers\\Form_helper.php', 4)
 2 APPPATH\Views\include\modal\signup_modal.php(63): display_error([...], 'email')
 3 SYSTEMPATH\View\View.php(213): include('APPPATH\\Views\\include\\modal\\signup_modal.php')
 4 SYSTEMPATH\View\View.php(216): CodeIgniter\View\View->CodeIgniter\View\{closure}()
 5 SYSTEMPATH\View\View.php(431): CodeIgniter\View\View->render('include/modal/signup_modal', null, true)
 6 APPPATH\Views\HomeView.php(15): CodeIgniter\View\View->include('include/modal/signup_modal')
 7 SYSTEMPATH\View\View.php(213): include('APPPATH\\Views\\HomeView.php')
 8 SYSTEMPATH\View\View.php(216): CodeIgniter\View\View->CodeIgniter\View\{closure}()
 9 SYSTEMPATH\Common.php(1134): CodeIgniter\View\View->render('Homeview', [], true)
10 APPPATH\Controllers\Auth.php(97): view('Homeview', [...])
11 SYSTEMPATH\CodeIgniter.php(927): App\Controllers\Auth->validateReg()
12 SYSTEMPATH\CodeIgniter.php(482): CodeIgniter\CodeIgniter->runController(Object(App\Controllers\Auth))
13 SYSTEMPATH\CodeIgniter.php(351): CodeIgniter\CodeIgniter->handleRequest(null, Object(Config\Cache), false)
14 FCPATH\index.php(67): CodeIgniter\CodeIgniter->run()
15 SYSTEMPATH\Commands\Server\rewrite.php(46): require_once('FCPATH\\index.php')
CRITICAL - 2022-12-21 13:01:40 --> Undefined array key "email"
in APPPATH\Helpers\Form_helper.php on line 4.
 1 APPPATH\Helpers\Form_helper.php(4): CodeIgniter\Debug\Exceptions->errorHandler(2, 'Undefined array key "email"', 'APPPATH\\Helpers\\Form_helper.php', 4)
 2 APPPATH\Views\include\modal\signup_modal.php(63): display_error([...], 'email')
 3 SYSTEMPATH\View\View.php(213): include('APPPATH\\Views\\include\\modal\\signup_modal.php')
 4 SYSTEMPATH\View\View.php(216): CodeIgniter\View\View->CodeIgniter\View\{closure}()
 5 SYSTEMPATH\View\View.php(431): CodeIgniter\View\View->render('include/modal/signup_modal', null, true)
 6 APPPATH\Views\HomeView.php(15): CodeIgniter\View\View->include('include/modal/signup_modal')
 7 SYSTEMPATH\View\View.php(213): include('APPPATH\\Views\\HomeView.php')
 8 SYSTEMPATH\View\View.php(216): CodeIgniter\View\View->CodeIgniter\View\{closure}()
 9 SYSTEMPATH\Common.php(1134): CodeIgniter\View\View->render('Homeview', [], true)
10 APPPATH\Controllers\Auth.php(97): view('Homeview', [...])
11 SYSTEMPATH\CodeIgniter.php(927): App\Controllers\Auth->validateReg()
12 SYSTEMPATH\CodeIgniter.php(482): CodeIgniter\CodeIgniter->runController(Object(App\Controllers\Auth))
13 SYSTEMPATH\CodeIgniter.php(351): CodeIgniter\CodeIgniter->handleRequest(null, Object(Config\Cache), false)
14 FCPATH\index.php(67): CodeIgniter\CodeIgniter->run()
15 SYSTEMPATH\Commands\Server\rewrite.php(46): require_once('FCPATH\\index.php')
CRITICAL - 2022-12-21 13:29:36 --> CodeIgniter\Validation\Validation::setRules(): Argument #1 ($rules) must be of type array, null given, called in C:\wamp64\www\JetreneEshop\vendor\codeigniter4\framework\system\Controller.php on line 184
in SYSTEMPATH\Validation\Validation.php on line 463.
 1 SYSTEMPATH\Controller.php(184): CodeIgniter\Validation\Validation->setRules(null, [])
 2 SYSTEMPATH\Controller.php(138): CodeIgniter\Controller->setValidator(null, [])
 3 APPPATH\Controllers\Auth.php(30): CodeIgniter\Controller->validate(null)
 4 SYSTEMPATH\CodeIgniter.php(927): App\Controllers\Auth->authLogin()
 5 SYSTEMPATH\CodeIgniter.php(482): CodeIgniter\CodeIgniter->runController(Object(App\Controllers\Auth))
 6 SYSTEMPATH\CodeIgniter.php(351): CodeIgniter\CodeIgniter->handleRequest(null, Object(Config\Cache), false)
 7 FCPATH\index.php(67): CodeIgniter\CodeIgniter->run()
 8 SYSTEMPATH\Commands\Server\rewrite.php(46): require_once('FCPATH\\index.php')
CRITICAL - 2022-12-21 13:59:43 --> Cannot access offset of type string on string
in APPPATH\Libraries\Hash.php on line 11.
 1 APPPATH\Controllers\Auth.php(38): App\Libraries\Hash::check('asdasdasdasdasdas', '$2y$10$pAfMq7FQW/z535wzFVPVN.yUF58AbTKSm.1lBJ/p1vLhExQtZ/Bhm')
 2 SYSTEMPATH\CodeIgniter.php(927): App\Controllers\Auth->authLogin()
 3 SYSTEMPATH\CodeIgniter.php(482): CodeIgniter\CodeIgniter->runController(Object(App\Controllers\Auth))
 4 SYSTEMPATH\CodeIgniter.php(351): CodeIgniter\CodeIgniter->handleRequest(null, Object(Config\Cache), false)
 5 FCPATH\index.php(67): CodeIgniter\CodeIgniter->run()
 6 SYSTEMPATH\Commands\Server\rewrite.php(46): require_once('FCPATH\\index.php')
CRITICAL - 2022-12-21 14:03:54 --> Cannot access offset of type string on string
in APPPATH\Libraries\Hash.php on line 11.
 1 APPPATH\Controllers\Auth.php(38): App\Libraries\Hash::check('asdasdasdasd', '$2y$10$xtJDnsPCjBGskh.KbwO4OenZpVXYPKxa9wCX3a6RFcxlgX8ogS35e')
 2 SYSTEMPATH\CodeIgniter.php(927): App\Controllers\Auth->authLogin()
 3 SYSTEMPATH\CodeIgniter.php(482): CodeIgniter\CodeIgniter->runController(Object(App\Controllers\Auth))
 4 SYSTEMPATH\CodeIgniter.php(351): CodeIgniter\CodeIgniter->handleRequest(null, Object(Config\Cache), false)
 5 FCPATH\index.php(67): CodeIgniter\CodeIgniter->run()
 6 SYSTEMPATH\Commands\Server\rewrite.php(46): require_once('FCPATH\\index.php')
