CRITICAL - 2022-12-23 13:44:47 --> Undefined variable $route
in APPPATH\Config\Routes.php on line 77.
 1 APPPATH\Config\Routes.php(77): CodeIgniter\Debug\Exceptions->errorHandler(2, 'Undefined variable $route', 'APPPATH\\Config\\Routes.php', 77)
 2 SYSTEMPATH\CodeIgniter.php(789): require('APPPATH\\Config\\Routes.php')
 3 SYSTEMPATH\CodeIgniter.php(430): CodeIgniter\CodeIgniter->tryToRouteIt(Object(CodeIgniter\Router\RouteCollection))
 4 SYSTEMPATH\CodeIgniter.php(347): CodeIgniter\CodeIgniter->handleRequest(null, Object(Config\Cache), false)
 5 SYSTEMPATH\CLI\Console.php(48): CodeIgniter\CodeIgniter->run()
 6 ROOTPATH\spark(98): CodeIgniter\CLI\Console->run()
CRITICAL - 2022-12-23 13:44:55 --> Undefined variable $route
in APPPATH\Config\Routes.php on line 77.
 1 APPPATH\Config\Routes.php(77): CodeIgniter\Debug\Exceptions->errorHandler(2, 'Undefined variable $route', 'APPPATH\\Config\\Routes.php', 77)
 2 SYSTEMPATH\CodeIgniter.php(789): require('APPPATH\\Config\\Routes.php')
 3 SYSTEMPATH\CodeIgniter.php(430): CodeIgniter\CodeIgniter->tryToRouteIt(Object(CodeIgniter\Router\RouteCollection))
 4 SYSTEMPATH\CodeIgniter.php(347): CodeIgniter\CodeIgniter->handleRequest(null, Object(Config\Cache), false)
 5 SYSTEMPATH\CLI\Console.php(48): CodeIgniter\CodeIgniter->run()
 6 ROOTPATH\spark(98): CodeIgniter\CLI\Console->run()
CRITICAL - 2022-12-23 13:45:28 --> Undefined variable $route
in APPPATH\Config\Routes.php on line 77.
 1 APPPATH\Config\Routes.php(77): CodeIgniter\Debug\Exceptions->errorHandler(2, 'Undefined variable $route', 'APPPATH\\Config\\Routes.php', 77)
 2 SYSTEMPATH\CodeIgniter.php(789): require('APPPATH\\Config\\Routes.php')
 3 SYSTEMPATH\CodeIgniter.php(430): CodeIgniter\CodeIgniter->tryToRouteIt(Object(CodeIgniter\Router\RouteCollection))
 4 SYSTEMPATH\CodeIgniter.php(347): CodeIgniter\CodeIgniter->handleRequest(null, Object(Config\Cache), false)
 5 SYSTEMPATH\CLI\Console.php(48): CodeIgniter\CodeIgniter->run()
 6 ROOTPATH\spark(98): CodeIgniter\CLI\Console->run()
